#
# There is insufficient memory for the Java Runtime Environment to continue.
# Native memory allocation (mmap) failed to map 65536 bytes for Failed to commit metaspace.
# Possible reasons:
#   The system is out of physical RAM or swap space
#   The process is running with CompressedOops enabled, and the Java Heap may be blocking the growth of the native heap
# Possible solutions:
#   Reduce memory load on the system
#   Increase physical memory or swap space
#   Check if swap backing store is full
#   Decrease Java heap size (-Xmx/-Xms)
#   Decrease number of Java threads
#   Decrease Java thread stack sizes (-Xss)
#   Set larger code cache with -XX:ReservedCodeCacheSize=
#   JVM is running with Zero Based Compressed Oops mode in which the Java heap is
#     placed in the first 32GB address space. The Java Heap base address is the
#     maximum limit for the native heap growth. Please use -XX:HeapBaseMinAddress
#     to set the Java Heap base and to place the Java Heap above 32GB virtual address.
# This output file may be truncated or incomplete.
#
#  Out of Memory Error (virtualSpaceNode.cpp:110), pid=6232, tid=13876
#
# JRE version: OpenJDK Runtime Environment (17.0.7) (build 17.0.7+0-b2043.56-10550314)
# Java VM: OpenJDK 64-Bit Server VM (17.0.7+0-b2043.56-10550314, mixed mode, tiered, compressed oops, compressed class ptrs, g1 gc, windows-amd64)
# No core dump will be written. Minidumps are not enabled by default on client versions of Windows
#

---------------  S U M M A R Y ------------

Command Line: org.jetbrains.kotlin.cli.jvm.K2JVMCompiler @D:\AndroidBasic\compository\app\build\20240117_18400123989826051140.compiler.options

Host: Intel(R) Core(TM) i7-8550U CPU @ 1.80GHz, 8 cores, 15G,  Windows 10 , 64 bit Build 19041 (10.0.19041.3636)
Time: Wed Jan 17 17:42:07 2024 Myanmar Standard Time elapsed time: 0.199627 seconds (0d 0h 0m 0s)

---------------  T H R E A D  ---------------

Current thread (0x000002ada97a17f0):  JavaThread "main" [_thread_in_vm, id=13876, stack(0x000000b3c5100000,0x000000b3c5200000)]

Stack: [0x000000b3c5100000,0x000000b3c5200000]
Native frames: (J=compiled Java code, j=interpreted, Vv=VM code, C=native code)
V  [jvm.dll+0x683bfa]
V  [jvm.dll+0x8430a4]
V  [jvm.dll+0x8449be]
V  [jvm.dll+0x845023]
V  [jvm.dll+0x24ad2f]
V  [jvm.dll+0x83e45b]
V  [jvm.dll+0x6281e6]
V  [jvm.dll+0x62824a]
V  [jvm.dll+0x62aa6a]
V  [jvm.dll+0x628b86]
V  [jvm.dll+0x23ec1f]
V  [jvm.dll+0x632a15]
V  [jvm.dll+0x1eea7b]
V  [jvm.dll+0x1eefb5]
V  [jvm.dll+0x1ef8d4]
V  [jvm.dll+0x1e4e1c]
V  [jvm.dll+0x54a1dd]
V  [jvm.dll+0x1f573b]
V  [jvm.dll+0x7bcb6b]
V  [jvm.dll+0x7bdfb2]
V  [jvm.dll+0x7be2e8]
V  [jvm.dll+0x2429be]
V  [jvm.dll+0x242c0f]
V  [jvm.dll+0x568043]
V  [jvm.dll+0x56a554]
V  [jvm.dll+0x389c9b]
V  [jvm.dll+0x389752]
C  0x000002adb41c89bf

Java frames: (J=compiled Java code, j=interpreted, Vv=VM code)
j  java.lang.invoke.LambdaForm.<clinit>()V+26 java.base@17.0.7
v  ~StubRoutines::call_stub
j  java.lang.invoke.DirectMethodHandle.makePreparedLambdaForm(Ljava/lang/invoke/MethodType;I)Ljava/lang/invoke/LambdaForm;+418 java.base@17.0.7
j  java.lang.invoke.DirectMethodHandle.preparedLambdaForm(Ljava/lang/invoke/MethodType;I)Ljava/lang/invoke/LambdaForm;+17 java.base@17.0.7
j  java.lang.invoke.DirectMethodHandle.preparedLambdaForm(Ljava/lang/invoke/MemberName;Z)Ljava/lang/invoke/LambdaForm;+159 java.base@17.0.7
j  java.lang.invoke.DirectMethodHandle.preparedLambdaForm(Ljava/lang/invoke/MemberName;)Ljava/lang/invoke/LambdaForm;+2 java.base@17.0.7
j  java.lang.invoke.DirectMethodHandle.make(BLjava/lang/Class;Ljava/lang/invoke/MemberName;Ljava/lang/Class;)Ljava/lang/invoke/DirectMethodHandle;+163 java.base@17.0.7
j  java.lang.invoke.MethodHandles$Lookup.getDirectMethodCommon(BLjava/lang/Class;Ljava/lang/invoke/MemberName;ZZLjava/lang/invoke/MethodHandles$Lookup;)Ljava/lang/invoke/MethodHandle;+210 java.base@17.0.7
j  java.lang.invoke.MethodHandles$Lookup.getDirectMethodNoSecurityManager(BLjava/lang/Class;Ljava/lang/invoke/MemberName;Ljava/lang/invoke/MethodHandles$Lookup;)Ljava/lang/invoke/MethodHandle;+14 java.base@17.0.7
j  java.lang.invoke.MethodHandles$Lookup.getDirectMethodForConstant(BLjava/lang/Class;Ljava/lang/invoke/MemberName;)Ljava/lang/invoke/MethodHandle;+31 java.base@17.0.7
j  java.lang.invoke.MethodHandles$Lookup.linkMethodHandleConstant(BLjava/lang/Class;Ljava/lang/String;Ljava/lang/Object;)Ljava/lang/invoke/MethodHandle;+153 java.base@17.0.7
j  java.lang.invoke.MethodHandleNatives.linkMethodHandleConstant(Ljava/lang/Class;ILjava/lang/Class;Ljava/lang/String;Ljava/lang/Object;)Ljava/lang/invoke/MethodHandle;+38 java.base@17.0.7
v  ~StubRoutines::call_stub
j  org.jetbrains.kotlin.com.intellij.openapi.diagnostic.Logger.<clinit>()V+11
v  ~StubRoutines::call_stub
j  org.jetbrains.kotlin.cli.jvm.compiler.IdeaStandaloneExecutionSetup.<clinit>()V+14
v  ~StubRoutines::call_stub
j  org.jetbrains.kotlin.cli.jvm.compiler.CompatKt.setupIdeaStandaloneExecution()V+0
j  org.jetbrains.kotlin.cli.common.CLITool$Companion.doMain(Lorg/jetbrains/kotlin/cli/common/CLITool;[Ljava/lang/String;)V+45
j  org.jetbrains.kotlin.cli.jvm.K2JVMCompiler$Companion.main([Ljava/lang/String;)V+20
j  org.jetbrains.kotlin.cli.jvm.K2JVMCompiler.main([Ljava/lang/String;)V+4
v  ~StubRoutines::call_stub

---------------  P R O C E S S  ---------------

Threads class SMR info:
_java_thread_list=0x000002adc84d3780, length=13, elements={
0x000002ada97a17f0, 0x000002adc83077f0, 0x000002adc83087a0, 0x000002adc8353bc0,
0x000002adc8378430, 0x000002adc83790f0, 0x000002adc836dd80, 0x000002adc836ea60,
0x000002adc8371460, 0x000002adc8372060, 0x000002adc84eef90, 0x000002adc84fcb00,
0x000002adc853d0d0
}

Java Threads: ( => current thread )
=>0x000002ada97a17f0 JavaThread "main" [_thread_in_vm, id=13876, stack(0x000000b3c5100000,0x000000b3c5200000)]
  0x000002adc83077f0 JavaThread "Reference Handler" daemon [_thread_blocked, id=11504, stack(0x000000b3c5800000,0x000000b3c5900000)]
  0x000002adc83087a0 JavaThread "Finalizer" daemon [_thread_blocked, id=13672, stack(0x000000b3c5900000,0x000000b3c5a00000)]
  0x000002adc8353bc0 JavaThread "Signal Dispatcher" daemon [_thread_blocked, id=13932, stack(0x000000b3c5a00000,0x000000b3c5b00000)]
  0x000002adc8378430 JavaThread "Attach Listener" daemon [_thread_blocked, id=2872, stack(0x000000b3c5b00000,0x000000b3c5c00000)]
  0x000002adc83790f0 JavaThread "Service Thread" daemon [_thread_blocked, id=10724, stack(0x000000b3c5c00000,0x000000b3c5d00000)]
  0x000002adc836dd80 JavaThread "Monitor Deflation Thread" daemon [_thread_blocked, id=11900, stack(0x000000b3c5d00000,0x000000b3c5e00000)]
  0x000002adc836ea60 JavaThread "C2 CompilerThread0" daemon [_thread_blocked, id=2780, stack(0x000000b3c5e00000,0x000000b3c5f00000)]
  0x000002adc8371460 JavaThread "C1 CompilerThread0" daemon [_thread_blocked, id=1732, stack(0x000000b3c5f00000,0x000000b3c6000000)]
  0x000002adc8372060 JavaThread "Sweeper thread" daemon [_thread_blocked, id=2732, stack(0x000000b3c6000000,0x000000b3c6100000)]
  0x000002adc84eef90 JavaThread "Notification Thread" daemon [_thread_blocked, id=15136, stack(0x000000b3c6100000,0x000000b3c6200000)]
  0x000002adc84fcb00 JavaThread "Common-Cleaner" daemon [_thread_blocked, id=9348, stack(0x000000b3c6300000,0x000000b3c6400000)]
  0x000002adc853d0d0 JavaThread "C2 CompilerThread1" daemon [_thread_blocked, id=4356, stack(0x000000b3c6400000,0x000000b3c6500000)]

Other Threads:
  0x000002adc8304450 VMThread "VM Thread" [stack: 0x000000b3c5700000,0x000000b3c5800000] [id=8080]
  0x000002ada9828610 WatcherThread [stack: 0x000000b3c6200000,0x000000b3c6300000] [id=11572]
  0x000002ada980b720 GCTaskThread "GC Thread#0" [stack: 0x000000b3c5200000,0x000000b3c5300000] [id=13120]
  0x000002ada981d4f0 ConcurrentGCThread "G1 Main Marker" [stack: 0x000000b3c5300000,0x000000b3c5400000] [id=11212]
  0x000002ada981df00 ConcurrentGCThread "G1 Conc#0" [stack: 0x000000b3c5400000,0x000000b3c5500000] [id=8568]
  0x000002ada98660b0 ConcurrentGCThread "G1 Refine#0" [stack: 0x000000b3c5500000,0x000000b3c5600000] [id=9052]
  0x000002ada9866ad0 ConcurrentGCThread "G1 Service" [stack: 0x000000b3c5600000,0x000000b3c5700000] [id=8624]

Threads with active compile tasks:

VM state: not at safepoint (normal execution)

VM Mutex/Monitor currently owned by a thread:  ([mutex/lock_event])
[0x000002ada978e840] Metaspace_lock - owner thread: 0x000002ada97a17f0

Heap address: 0x0000000701800000, size: 4072 MB, Compressed Oops mode: Zero based, Oop shift amount: 3

CDS archive(s) not mapped
Compressed class space mapped at: 0x0000000800000000-0x0000000840000000, reserved size: 1073741824
Narrow klass base: 0x0000000800000000, Narrow klass shift: 0, Narrow klass range: 0x40000000

GC Precious Log:
 CPUs: 8 total, 8 available
 Memory: 16281M
 Large Page Support: Disabled
 NUMA Support: Disabled
 Compressed Oops: Enabled (Zero based)
 Heap Region Size: 2M
 Heap Min Capacity: 8M
 Heap Initial Capacity: 256M
 Heap Max Capacity: 4072M
 Pre-touch: Disabled
 Parallel Workers: 8
 Concurrent Workers: 2
 Concurrent Refinement Workers: 8
 Periodic GC: Disabled

Heap:
 garbage-first heap   total 262144K, used 4096K [0x0000000701800000, 0x0000000800000000)
  region size 2048K, 2 young (4096K), 0 survivors (0K)
 Metaspace       used 5791K, committed 5824K, reserved 1114112K
  class space    used 491K, committed 512K, reserved 1048576K

Heap Regions: E=young(eden), S=young(survivor), O=old, HS=humongous(starts), HC=humongous(continues), CS=collection set, F=free, OA=open archive, CA=closed archive, TAMS=top-at-mark-start (previous, next)
|   0|0x0000000701800000, 0x0000000701a00000, 0x0000000701a00000|100%|HS|  |TAMS 0x0000000701800000, 0x0000000701800000| Complete 
|   1|0x0000000701a00000, 0x0000000701c00000, 0x0000000701c00000|100%|HC|  |TAMS 0x0000000701a00000, 0x0000000701a00000| Complete 
|   2|0x0000000701c00000, 0x0000000701c00000, 0x0000000701e00000|  0%| F|  |TAMS 0x0000000701c00000, 0x0000000701c00000| Untracked 
|   3|0x0000000701e00000, 0x0000000701e00000, 0x0000000702000000|  0%| F|  |TAMS 0x0000000701e00000, 0x0000000701e00000| Untracked 
|   4|0x0000000702000000, 0x0000000702000000, 0x0000000702200000|  0%| F|  |TAMS 0x0000000702000000, 0x0000000702000000| Untracked 
|   5|0x0000000702200000, 0x0000000702200000, 0x0000000702400000|  0%| F|  |TAMS 0x0000000702200000, 0x0000000702200000| Untracked 
|   6|0x0000000702400000, 0x0000000702400000, 0x0000000702600000|  0%| F|  |TAMS 0x0000000702400000, 0x0000000702400000| Untracked 
|   7|0x0000000702600000, 0x0000000702600000, 0x0000000702800000|  0%| F|  |TAMS 0x0000000702600000, 0x0000000702600000| Untracked 
|   8|0x0000000702800000, 0x0000000702800000, 0x0000000702a00000|  0%| F|  |TAMS 0x0000000702800000, 0x0000000702800000| Untracked 
|   9|0x0000000702a00000, 0x0000000702a00000, 0x0000000702c00000|  0%| F|  |TAMS 0x0000000702a00000, 0x0000000702a00000| Untracked 
|  10|0x0000000702c00000, 0x0000000702c00000, 0x0000000702e00000|  0%| F|  |TAMS 0x0000000702c00000, 0x0000000702c00000| Untracked 
|  11|0x0000000702e00000, 0x0000000702e00000, 0x0000000703000000|  0%| F|  |TAMS 0x0000000702e00000, 0x0000000702e00000| Untracked 
|  12|0x0000000703000000, 0x0000000703000000, 0x0000000703200000|  0%| F|  |TAMS 0x0000000703000000, 0x0000000703000000| Untracked 
|  13|0x0000000703200000, 0x0000000703200000, 0x0000000703400000|  0%| F|  |TAMS 0x0000000703200000, 0x0000000703200000| Untracked 
|  14|0x0000000703400000, 0x0000000703400000, 0x0000000703600000|  0%| F|  |TAMS 0x0000000703400000, 0x0000000703400000| Untracked 
|  15|0x0000000703600000, 0x0000000703600000, 0x0000000703800000|  0%| F|  |TAMS 0x0000000703600000, 0x0000000703600000| Untracked 
|  16|0x0000000703800000, 0x0000000703800000, 0x0000000703a00000|  0%| F|  |TAMS 0x0000000703800000, 0x0000000703800000| Untracked 
|  17|0x0000000703a00000, 0x0000000703a00000, 0x0000000703c00000|  0%| F|  |TAMS 0x0000000703a00000, 0x0000000703a00000| Untracked 
|  18|0x0000000703c00000, 0x0000000703c00000, 0x0000000703e00000|  0%| F|  |TAMS 0x0000000703c00000, 0x0000000703c00000| Untracked 
|  19|0x0000000703e00000, 0x0000000703e00000, 0x0000000704000000|  0%| F|  |TAMS 0x0000000703e00000, 0x0000000703e00000| Untracked 
|  20|0x0000000704000000, 0x0000000704000000, 0x0000000704200000|  0%| F|  |TAMS 0x0000000704000000, 0x0000000704000000| Untracked 
|  21|0x0000000704200000, 0x0000000704200000, 0x0000000704400000|  0%| F|  |TAMS 0x0000000704200000, 0x0000000704200000| Untracked 
|  22|0x0000000704400000, 0x0000000704400000, 0x0000000704600000|  0%| F|  |TAMS 0x0000000704400000, 0x0000000704400000| Untracked 
|  23|0x0000000704600000, 0x0000000704600000, 0x0000000704800000|  0%| F|  |TAMS 0x0000000704600000, 0x0000000704600000| Untracked 
|  24|0x0000000704800000, 0x0000000704800000, 0x0000000704a00000|  0%| F|  |TAMS 0x0000000704800000, 0x0000000704800000| Untracked 
|  25|0x0000000704a00000, 0x0000000704a00000, 0x0000000704c00000|  0%| F|  |TAMS 0x0000000704a00000, 0x0000000704a00000| Untracked 
|  26|0x0000000704c00000, 0x0000000704c00000, 0x0000000704e00000|  0%| F|  |TAMS 0x0000000704c00000, 0x0000000704c00000| Untracked 
|  27|0x0000000704e00000, 0x0000000704e00000, 0x0000000705000000|  0%| F|  |TAMS 0x0000000704e00000, 0x0000000704e00000| Untracked 
|  28|0x0000000705000000, 0x0000000705000000, 0x0000000705200000|  0%| F|  |TAMS 0x0000000705000000, 0x0000000705000000| Untracked 
|  29|0x0000000705200000, 0x0000000705200000, 0x0000000705400000|  0%| F|  |TAMS 0x0000000705200000, 0x0000000705200000| Untracked 
|  30|0x0000000705400000, 0x0000000705400000, 0x0000000705600000|  0%| F|  |TAMS 0x0000000705400000, 0x0000000705400000| Untracked 
|  31|0x0000000705600000, 0x0000000705600000, 0x0000000705800000|  0%| F|  |TAMS 0x0000000705600000, 0x0000000705600000| Untracked 
|  32|0x0000000705800000, 0x0000000705800000, 0x0000000705a00000|  0%| F|  |TAMS 0x0000000705800000, 0x0000000705800000| Untracked 
|  33|0x0000000705a00000, 0x0000000705a00000, 0x0000000705c00000|  0%| F|  |TAMS 0x0000000705a00000, 0x0000000705a00000| Untracked 
|  34|0x0000000705c00000, 0x0000000705c00000, 0x0000000705e00000|  0%| F|  |TAMS 0x0000000705c00000, 0x0000000705c00000| Untracked 
|  35|0x0000000705e00000, 0x0000000705e00000, 0x0000000706000000|  0%| F|  |TAMS 0x0000000705e00000, 0x0000000705e00000| Untracked 
|  36|0x0000000706000000, 0x0000000706000000, 0x0000000706200000|  0%| F|  |TAMS 0x0000000706000000, 0x0000000706000000| Untracked 
|  37|0x0000000706200000, 0x0000000706200000, 0x0000000706400000|  0%| F|  |TAMS 0x0000000706200000, 0x0000000706200000| Untracked 
|  38|0x0000000706400000, 0x0000000706400000, 0x0000000706600000|  0%| F|  |TAMS 0x0000000706400000, 0x0000000706400000| Untracked 
|  39|0x0000000706600000, 0x0000000706600000, 0x0000000706800000|  0%| F|  |TAMS 0x0000000706600000, 0x0000000706600000| Untracked 
|  40|0x0000000706800000, 0x0000000706800000, 0x0000000706a00000|  0%| F|  |TAMS 0x0000000706800000, 0x0000000706800000| Untracked 
|  41|0x0000000706a00000, 0x0000000706a00000, 0x0000000706c00000|  0%| F|  |TAMS 0x0000000706a00000, 0x0000000706a00000| Untracked 
|  42|0x0000000706c00000, 0x0000000706c00000, 0x0000000706e00000|  0%| F|  |TAMS 0x0000000706c00000, 0x0000000706c00000| Untracked 
|  43|0x0000000706e00000, 0x0000000706e00000, 0x0000000707000000|  0%| F|  |TAMS 0x0000000706e00000, 0x0000000706e00000| Untracked 
|  44|0x0000000707000000, 0x0000000707000000, 0x0000000707200000|  0%| F|  |TAMS 0x0000000707000000, 0x0000000707000000| Untracked 
|  45|0x0000000707200000, 0x0000000707200000, 0x0000000707400000|  0%| F|  |TAMS 0x0000000707200000, 0x0000000707200000| Untracked 
|  46|0x0000000707400000, 0x0000000707400000, 0x0000000707600000|  0%| F|  |TAMS 0x0000000707400000, 0x0000000707400000| Untracked 
|  47|0x0000000707600000, 0x0000000707600000, 0x0000000707800000|  0%| F|  |TAMS 0x0000000707600000, 0x0000000707600000| Untracked 
|  48|0x0000000707800000, 0x0000000707800000, 0x0000000707a00000|  0%| F|  |TAMS 0x0000000707800000, 0x0000000707800000| Untracked 
|  49|0x0000000707a00000, 0x0000000707a00000, 0x0000000707c00000|  0%| F|  |TAMS 0x0000000707a00000, 0x0000000707a00000| Untracked 
|  50|0x0000000707c00000, 0x0000000707c00000, 0x0000000707e00000|  0%| F|  |TAMS 0x0000000707c00000, 0x0000000707c00000| Untracked 
|  51|0x0000000707e00000, 0x0000000707e00000, 0x0000000708000000|  0%| F|  |TAMS 0x0000000707e00000, 0x0000000707e00000| Untracked 
|  52|0x0000000708000000, 0x0000000708000000, 0x0000000708200000|  0%| F|  |TAMS 0x0000000708000000, 0x0000000708000000| Untracked 
|  53|0x0000000708200000, 0x0000000708200000, 0x0000000708400000|  0%| F|  |TAMS 0x0000000708200000, 0x0000000708200000| Untracked 
|  54|0x0000000708400000, 0x0000000708400000, 0x0000000708600000|  0%| F|  |TAMS 0x0000000708400000, 0x0000000708400000| Untracked 
|  55|0x0000000708600000, 0x0000000708600000, 0x0000000708800000|  0%| F|  |TAMS 0x0000000708600000, 0x0000000708600000| Untracked 
|  56|0x0000000708800000, 0x0000000708800000, 0x0000000708a00000|  0%| F|  |TAMS 0x0000000708800000, 0x0000000708800000| Untracked 
|  57|0x0000000708a00000, 0x0000000708a00000, 0x0000000708c00000|  0%| F|  |TAMS 0x0000000708a00000, 0x0000000708a00000| Untracked 
|  58|0x0000000708c00000, 0x0000000708c00000, 0x0000000708e00000|  0%| F|  |TAMS 0x0000000708c00000, 0x0000000708c00000| Untracked 
|  59|0x0000000708e00000, 0x0000000708e00000, 0x0000000709000000|  0%| F|  |TAMS 0x0000000708e00000, 0x0000000708e00000| Untracked 
|  60|0x0000000709000000, 0x0000000709000000, 0x0000000709200000|  0%| F|  |TAMS 0x0000000709000000, 0x0000000709000000| Untracked 
|  61|0x0000000709200000, 0x0000000709200000, 0x0000000709400000|  0%| F|  |TAMS 0x0000000709200000, 0x0000000709200000| Untracked 
|  62|0x0000000709400000, 0x0000000709400000, 0x0000000709600000|  0%| F|  |TAMS 0x0000000709400000, 0x0000000709400000| Untracked 
|  63|0x0000000709600000, 0x0000000709600000, 0x0000000709800000|  0%| F|  |TAMS 0x0000000709600000, 0x0000000709600000| Untracked 
|  64|0x0000000709800000, 0x0000000709800000, 0x0000000709a00000|  0%| F|  |TAMS 0x0000000709800000, 0x0000000709800000| Untracked 
|  65|0x0000000709a00000, 0x0000000709a00000, 0x0000000709c00000|  0%| F|  |TAMS 0x0000000709a00000, 0x0000000709a00000| Untracked 
|  66|0x0000000709c00000, 0x0000000709c00000, 0x0000000709e00000|  0%| F|  |TAMS 0x0000000709c00000, 0x0000000709c00000| Untracked 
|  67|0x0000000709e00000, 0x0000000709e00000, 0x000000070a000000|  0%| F|  |TAMS 0x0000000709e00000, 0x0000000709e00000| Untracked 
|  68|0x000000070a000000, 0x000000070a000000, 0x000000070a200000|  0%| F|  |TAMS 0x000000070a000000, 0x000000070a000000| Untracked 
|  69|0x000000070a200000, 0x000000070a200000, 0x000000070a400000|  0%| F|  |TAMS 0x000000070a200000, 0x000000070a200000| Untracked 
|  70|0x000000070a400000, 0x000000070a400000, 0x000000070a600000|  0%| F|  |TAMS 0x000000070a400000, 0x000000070a400000| Untracked 
|  71|0x000000070a600000, 0x000000070a600000, 0x000000070a800000|  0%| F|  |TAMS 0x000000070a600000, 0x000000070a600000| Untracked 
|  72|0x000000070a800000, 0x000000070a800000, 0x000000070aa00000|  0%| F|  |TAMS 0x000000070a800000, 0x000000070a800000| Untracked 
|  73|0x000000070aa00000, 0x000000070aa00000, 0x000000070ac00000|  0%| F|  |TAMS 0x000000070aa00000, 0x000000070aa00000| Untracked 
|  74|0x000000070ac00000, 0x000000070ac00000, 0x000000070ae00000|  0%| F|  |TAMS 0x000000070ac00000, 0x000000070ac00000| Untracked 
|  75|0x000000070ae00000, 0x000000070ae00000, 0x000000070b000000|  0%| F|  |TAMS 0x000000070ae00000, 0x000000070ae00000| Untracked 
|  76|0x000000070b000000, 0x000000070b000000, 0x000000070b200000|  0%| F|  |TAMS 0x000000070b000000, 0x000000070b000000| Untracked 
|  77|0x000000070b200000, 0x000000070b200000, 0x000000070b400000|  0%| F|  |TAMS 0x000000070b200000, 0x000000070b200000| Untracked 
|  78|0x000000070b400000, 0x000000070b400000, 0x000000070b600000|  0%| F|  |TAMS 0x000000070b400000, 0x000000070b400000| Untracked 
|  79|0x000000070b600000, 0x000000070b600000, 0x000000070b800000|  0%| F|  |TAMS 0x000000070b600000, 0x000000070b600000| Untracked 
|  80|0x000000070b800000, 0x000000070b800000, 0x000000070ba00000|  0%| F|  |TAMS 0x000000070b800000, 0x000000070b800000| Untracked 
|  81|0x000000070ba00000, 0x000000070ba00000, 0x000000070bc00000|  0%| F|  |TAMS 0x000000070ba00000, 0x000000070ba00000| Untracked 
|  82|0x000000070bc00000, 0x000000070bc00000, 0x000000070be00000|  0%| F|  |TAMS 0x000000070bc00000, 0x000000070bc00000| Untracked 
|  83|0x000000070be00000, 0x000000070be00000, 0x000000070c000000|  0%| F|  |TAMS 0x000000070be00000, 0x000000070be00000| Untracked 
|  84|0x000000070c000000, 0x000000070c000000, 0x000000070c200000|  0%| F|  |TAMS 0x000000070c000000, 0x000000070c000000| Untracked 
|  85|0x000000070c200000, 0x000000070c200000, 0x000000070c400000|  0%| F|  |TAMS 0x000000070c200000, 0x000000070c200000| Untracked 
|  86|0x000000070c400000, 0x000000070c400000, 0x000000070c600000|  0%| F|  |TAMS 0x000000070c400000, 0x000000070c400000| Untracked 
|  87|0x000000070c600000, 0x000000070c600000, 0x000000070c800000|  0%| F|  |TAMS 0x000000070c600000, 0x000000070c600000| Untracked 
|  88|0x000000070c800000, 0x000000070c800000, 0x000000070ca00000|  0%| F|  |TAMS 0x000000070c800000, 0x000000070c800000| Untracked 
|  89|0x000000070ca00000, 0x000000070ca00000, 0x000000070cc00000|  0%| F|  |TAMS 0x000000070ca00000, 0x000000070ca00000| Untracked 
|  90|0x000000070cc00000, 0x000000070cc00000, 0x000000070ce00000|  0%| F|  |TAMS 0x000000070cc00000, 0x000000070cc00000| Untracked 
|  91|0x000000070ce00000, 0x000000070ce00000, 0x000000070d000000|  0%| F|  |TAMS 0x000000070ce00000, 0x000000070ce00000| Untracked 
|  92|0x000000070d000000, 0x000000070d000000, 0x000000070d200000|  0%| F|  |TAMS 0x000000070d000000, 0x000000070d000000| Untracked 
|  93|0x000000070d200000, 0x000000070d200000, 0x000000070d400000|  0%| F|  |TAMS 0x000000070d200000, 0x000000070d200000| Untracked 
|  94|0x000000070d400000, 0x000000070d400000, 0x000000070d600000|  0%| F|  |TAMS 0x000000070d400000, 0x000000070d400000| Untracked 
|  95|0x000000070d600000, 0x000000070d600000, 0x000000070d800000|  0%| F|  |TAMS 0x000000070d600000, 0x000000070d600000| Untracked 
|  96|0x000000070d800000, 0x000000070d800000, 0x000000070da00000|  0%| F|  |TAMS 0x000000070d800000, 0x000000070d800000| Untracked 
|  97|0x000000070da00000, 0x000000070da00000, 0x000000070dc00000|  0%| F|  |TAMS 0x000000070da00000, 0x000000070da00000| Untracked 
|  98|0x000000070dc00000, 0x000000070dc00000, 0x000000070de00000|  0%| F|  |TAMS 0x000000070dc00000, 0x000000070dc00000| Untracked 
|  99|0x000000070de00000, 0x000000070de00000, 0x000000070e000000|  0%| F|  |TAMS 0x000000070de00000, 0x000000070de00000| Untracked 
| 100|0x000000070e000000, 0x000000070e000000, 0x000000070e200000|  0%| F|  |TAMS 0x000000070e000000, 0x000000070e000000| Untracked 
| 101|0x000000070e200000, 0x000000070e200000, 0x000000070e400000|  0%| F|  |TAMS 0x000000070e200000, 0x000000070e200000| Untracked 
| 102|0x000000070e400000, 0x000000070e400000, 0x000000070e600000|  0%| F|  |TAMS 0x000000070e400000, 0x000000070e400000| Untracked 
| 103|0x000000070e600000, 0x000000070e600000, 0x000000070e800000|  0%| F|  |TAMS 0x000000070e600000, 0x000000070e600000| Untracked 
| 104|0x000000070e800000, 0x000000070e800000, 0x000000070ea00000|  0%| F|  |TAMS 0x000000070e800000, 0x000000070e800000| Untracked 
| 105|0x000000070ea00000, 0x000000070ea00000, 0x000000070ec00000|  0%| F|  |TAMS 0x000000070ea00000, 0x000000070ea00000| Untracked 
| 106|0x000000070ec00000, 0x000000070ec00000, 0x000000070ee00000|  0%| F|  |TAMS 0x000000070ec00000, 0x000000070ec00000| Untracked 
| 107|0x000000070ee00000, 0x000000070ee00000, 0x000000070f000000|  0%| F|  |TAMS 0x000000070ee00000, 0x000000070ee00000| Untracked 
| 108|0x000000070f000000, 0x000000070f000000, 0x000000070f200000|  0%| F|  |TAMS 0x000000070f000000, 0x000000070f000000| Untracked 
| 109|0x000000070f200000, 0x000000070f200000, 0x000000070f400000|  0%| F|  |TAMS 0x000000070f200000, 0x000000070f200000| Untracked 
| 110|0x000000070f400000, 0x000000070f400000, 0x000000070f600000|  0%| F|  |TAMS 0x000000070f400000, 0x000000070f400000| Untracked 
| 111|0x000000070f600000, 0x000000070f600000, 0x000000070f800000|  0%| F|  |TAMS 0x000000070f600000, 0x000000070f600000| Untracked 
| 112|0x000000070f800000, 0x000000070f800000, 0x000000070fa00000|  0%| F|  |TAMS 0x000000070f800000, 0x000000070f800000| Untracked 
| 113|0x000000070fa00000, 0x000000070fa00000, 0x000000070fc00000|  0%| F|  |TAMS 0x000000070fa00000, 0x000000070fa00000| Untracked 
| 114|0x000000070fc00000, 0x000000070fc00000, 0x000000070fe00000|  0%| F|  |TAMS 0x000000070fc00000, 0x000000070fc00000| Untracked 
| 115|0x000000070fe00000, 0x000000070fe00000, 0x0000000710000000|  0%| F|  |TAMS 0x000000070fe00000, 0x000000070fe00000| Untracked 
| 116|0x0000000710000000, 0x0000000710000000, 0x0000000710200000|  0%| F|  |TAMS 0x0000000710000000, 0x0000000710000000| Untracked 
| 117|0x0000000710200000, 0x0000000710200000, 0x0000000710400000|  0%| F|  |TAMS 0x0000000710200000, 0x0000000710200000| Untracked 
| 118|0x0000000710400000, 0x0000000710400000, 0x0000000710600000|  0%| F|  |TAMS 0x0000000710400000, 0x0000000710400000| Untracked 
| 119|0x0000000710600000, 0x0000000710600000, 0x0000000710800000|  0%| F|  |TAMS 0x0000000710600000, 0x0000000710600000| Untracked 
| 120|0x0000000710800000, 0x0000000710800000, 0x0000000710a00000|  0%| F|  |TAMS 0x0000000710800000, 0x0000000710800000| Untracked 
| 121|0x0000000710a00000, 0x0000000710a00000, 0x0000000710c00000|  0%| F|  |TAMS 0x0000000710a00000, 0x0000000710a00000| Untracked 
| 122|0x0000000710c00000, 0x0000000710c00000, 0x0000000710e00000|  0%| F|  |TAMS 0x0000000710c00000, 0x0000000710c00000| Untracked 
| 123|0x0000000710e00000, 0x0000000710e00000, 0x0000000711000000|  0%| F|  |TAMS 0x0000000710e00000, 0x0000000710e00000| Untracked 
| 124|0x0000000711000000, 0x0000000711000000, 0x0000000711200000|  0%| F|  |TAMS 0x0000000711000000, 0x0000000711000000| Untracked 
| 125|0x0000000711200000, 0x0000000711200000, 0x0000000711400000|  0%| F|  |TAMS 0x0000000711200000, 0x0000000711200000| Untracked 
| 126|0x0000000711400000, 0x00000007115c01e8, 0x0000000711600000| 87%| E|  |TAMS 0x0000000711400000, 0x0000000711400000| Complete 
| 127|0x0000000711600000, 0x0000000711800000, 0x0000000711800000|100%| E|  |TAMS 0x0000000711600000, 0x0000000711600000| Complete 

Card table byte_map: [0x000002adbc7b0000,0x000002adbcfb0000] _byte_map_base: 0x000002adb8fa4000

Marking Bits (Prev, Next): (CMBitMap*) 0x000002ada980bd30, (CMBitMap*) 0x000002ada980bd70
 Prev Bits: [0x000002adbd7b0000, 0x000002adc1750000)
 Next Bits: [0x000002adc1750000, 0x000002adc56f0000)

Polling page: 0x000002ada7780000

Metaspace:

Usage:
  Non-class:      5.18 MB used.
      Class:    491.84 KB used.
       Both:      5.66 MB used.

Virtual space:
  Non-class space:       64.00 MB reserved,       5.19 MB (  8%) committed,  1 nodes.
      Class space:        1.00 GB reserved,     512.00 KB ( <1%) committed,  1 nodes.
             Both:        1.06 GB reserved,       5.69 MB ( <1%) committed. 

Chunk freelists:
   Non-Class:  10.62 MB
       Class:  15.50 MB
        Both:  26.12 MB

MaxMetaspaceSize: unlimited
CompressedClassSpaceSize: 1.00 GB
Initial GC threshold: 21.00 MB
Current GC threshold: 21.00 MB
CDS: off
MetaspaceReclaimPolicy: balanced
 - commit_granule_bytes: 65536.
 - commit_granule_words: 8192.
 - virtual_space_node_default_size: 8388608.
 - enlarge_chunks_in_place: 1.
 - new_chunks_are_fully_committed: 0.
 - uncommit_free_chunks: 1.
 - use_allocation_guard: 0.
 - handle_deallocations: 1.


Internal statistics:

num_allocs_failed_limit: 0.
num_arena_births: 4.
num_arena_deaths: 0.
num_vsnodes_births: 2.
num_vsnodes_deaths: 0.
num_space_committed: 91.
num_space_uncommitted: 0.
num_chunks_returned_to_freelist: 0.
num_chunks_taken_from_freelist: 27.
num_chunk_merges: 0.
num_chunk_splits: 18.
num_chunks_enlarged: 15.
num_inconsistent_stats: 0.

CodeHeap 'non-profiled nmethods': size=120000Kb used=38Kb max_used=38Kb free=119961Kb
 bounds [0x000002adb4750000, 0x000002adb49c0000, 0x000002adbbc80000]
CodeHeap 'profiled nmethods': size=120000Kb used=188Kb max_used=188Kb free=119811Kb
 bounds [0x000002adacc80000, 0x000002adacef0000, 0x000002adb41b0000]
CodeHeap 'non-nmethods': size=5760Kb used=1078Kb max_used=1078Kb free=4681Kb
 bounds [0x000002adb41b0000, 0x000002adb4420000, 0x000002adb4750000]
 total_blobs=494 nmethods=149 adapters=258
 compilation: enabled
              stopped_count=0, restarted_count=0
 full_count=0

Compilation events (20 events):
Event: 0.186 Thread 0x000002adc8371460  138       3       java.lang.StringLatin1::toLowerCase (186 bytes)
Event: 0.187 Thread 0x000002adc8371460 nmethod 138 0x000002adaccab310 code [0x000002adaccab580, 0x000002adaccac0d8]
Event: 0.187 Thread 0x000002adc8371460  140       3       java.lang.AbstractStringBuilder::newCapacity (59 bytes)
Event: 0.187 Thread 0x000002adc8371460 nmethod 140 0x000002adaccac510 code [0x000002adaccac6e0, 0x000002adaccacad8]
Event: 0.187 Thread 0x000002adc8371460  139       3       java.util.zip.ZipFile$Source::getEntryHash (7 bytes)
Event: 0.187 Thread 0x000002adc8371460 nmethod 139 0x000002adaccacc90 code [0x000002adaccace20, 0x000002adaccacf58]
Event: 0.187 Thread 0x000002adc8371460  141       3       java.util.Arrays::copyOf (19 bytes)
Event: 0.187 Thread 0x000002adc8371460 nmethod 141 0x000002adaccad010 code [0x000002adaccad1c0, 0x000002adaccad4a8]
Event: 0.187 Thread 0x000002adc836ea60  144       4       java.lang.StringLatin1::equals (36 bytes)
Event: 0.187 Thread 0x000002adc8371460  142       3       java.util.zip.Inflater::ensureOpen (47 bytes)
Event: 0.188 Thread 0x000002adc8371460 nmethod 142 0x000002adaccad610 code [0x000002adaccad7c0, 0x000002adaccada28]
Event: 0.188 Thread 0x000002adc8371460  143       3       java.lang.String::startsWith (7 bytes)
Event: 0.188 Thread 0x000002adc8371460 nmethod 143 0x000002adaccadb10 code [0x000002adaccadca0, 0x000002adaccadde8]
Event: 0.188 Thread 0x000002adc8371460  145       1       java.net.URL::getFile (5 bytes)
Event: 0.188 Thread 0x000002adc8371460 nmethod 145 0x000002adb4758b10 code [0x000002adb4758ca0, 0x000002adb4758d78]
Event: 0.188 Thread 0x000002adc8371460  147       3       java.lang.CharacterDataLatin1::toUpperCase (53 bytes)
Event: 0.189 Thread 0x000002adc8371460 nmethod 147 0x000002adaccade90 code [0x000002adaccae040, 0x000002adaccae2d8]
Event: 0.189 Thread 0x000002adc8371460  146       3       java.lang.ClassLoader::checkName (37 bytes)
Event: 0.190 Thread 0x000002adc8371460 nmethod 146 0x000002adaccae410 code [0x000002adaccae660, 0x000002adaccaf058]
Event: 0.192 Thread 0x000002adc836ea60 nmethod 144 0x000002adb4758e10 code [0x000002adb4758f80, 0x000002adb4759158]

GC Heap History (0 events):
No events

Dll operation events (1 events):
Event: 0.006 Loaded shared library C:\Program Files\Android\Android Studio\jbr\bin\java.dll

Deoptimization events (20 events):
Event: 0.130 Thread 0x000002ada97a17f0 DEOPT PACKING pc=0x000002adacc9520c sp=0x000000b3c51fd900
Event: 0.130 Thread 0x000002ada97a17f0 DEOPT UNPACKING pc=0x000002adb4207143 sp=0x000000b3c51fcd90 mode 0
Event: 0.130 Thread 0x000002ada97a17f0 DEOPT PACKING pc=0x000002adacc9520c sp=0x000000b3c51fd900
Event: 0.130 Thread 0x000002ada97a17f0 DEOPT UNPACKING pc=0x000002adb4207143 sp=0x000000b3c51fcd90 mode 0
Event: 0.130 Thread 0x000002ada97a17f0 DEOPT PACKING pc=0x000002adacc9520c sp=0x000000b3c51fd900
Event: 0.130 Thread 0x000002ada97a17f0 DEOPT UNPACKING pc=0x000002adb4207143 sp=0x000000b3c51fcd90 mode 0
Event: 0.130 Thread 0x000002ada97a17f0 DEOPT PACKING pc=0x000002adacc9520c sp=0x000000b3c51fd900
Event: 0.130 Thread 0x000002ada97a17f0 DEOPT UNPACKING pc=0x000002adb4207143 sp=0x000000b3c51fcd90 mode 0
Event: 0.130 Thread 0x000002ada97a17f0 DEOPT PACKING pc=0x000002adacc9520c sp=0x000000b3c51fd900
Event: 0.130 Thread 0x000002ada97a17f0 DEOPT UNPACKING pc=0x000002adb4207143 sp=0x000000b3c51fcd90 mode 0
Event: 0.130 Thread 0x000002ada97a17f0 DEOPT PACKING pc=0x000002adacc9520c sp=0x000000b3c51fd900
Event: 0.130 Thread 0x000002ada97a17f0 DEOPT UNPACKING pc=0x000002adb4207143 sp=0x000000b3c51fcd90 mode 0
Event: 0.130 Thread 0x000002ada97a17f0 DEOPT PACKING pc=0x000002adacc9520c sp=0x000000b3c51fd900
Event: 0.130 Thread 0x000002ada97a17f0 DEOPT UNPACKING pc=0x000002adb4207143 sp=0x000000b3c51fcd90 mode 0
Event: 0.130 Thread 0x000002ada97a17f0 DEOPT PACKING pc=0x000002adacc9520c sp=0x000000b3c51fd900
Event: 0.130 Thread 0x000002ada97a17f0 DEOPT UNPACKING pc=0x000002adb4207143 sp=0x000000b3c51fcd90 mode 0
Event: 0.176 Thread 0x000002ada97a17f0 Uncommon trap: trap_request=0xffffff45 fr.pc=0x000002adb4755408 relative=0x0000000000000728
Event: 0.176 Thread 0x000002ada97a17f0 Uncommon trap: reason=unstable_if action=reinterpret pc=0x000002adb4755408 method=java.util.zip.ZipFile$Source.checkAndAddEntry(II)I @ 50 c2
Event: 0.176 Thread 0x000002ada97a17f0 DEOPT PACKING pc=0x000002adb4755408 sp=0x000000b3c51fe4e0
Event: 0.176 Thread 0x000002ada97a17f0 DEOPT UNPACKING pc=0x000002adb42069a3 sp=0x000000b3c51fe458 mode 2

Classes unloaded (0 events):
No events

Classes redefined (0 events):
No events

Internal exceptions (0 events):
No events

VM Operations (2 events):
Event: 0.141 Executing VM operation: HandshakeAllThreads
Event: 0.141 Executing VM operation: HandshakeAllThreads done

Events (20 events):
Event: 0.193 loading class java/lang/invoke/MethodType$ConcurrentWeakInternSet$WeakEntry done
Event: 0.193 loading class sun/invoke/util/Wrapper
Event: 0.194 loading class sun/invoke/util/Wrapper done
Event: 0.194 loading class sun/invoke/util/Wrapper$Format
Event: 0.194 loading class sun/invoke/util/Wrapper$Format done
Event: 0.194 loading class java/lang/invoke/LambdaForm$NamedFunction
Event: 0.194 loading class java/lang/invoke/LambdaForm$NamedFunction done
Event: 0.194 loading class java/lang/invoke/DirectMethodHandle$Holder
Event: 0.194 loading class java/lang/invoke/DirectMethodHandle$Holder done
Event: 0.195 loading class sun/invoke/util/ValueConversions
Event: 0.195 loading class sun/invoke/util/ValueConversions done
Event: 0.195 loading class java/lang/invoke/MethodHandleImpl
Event: 0.196 loading class java/lang/invoke/MethodHandleImpl done
Event: 0.196 loading class java/lang/invoke/Invokers
Event: 0.196 loading class java/lang/invoke/Invokers done
Event: 0.196 loading class java/lang/invoke/LambdaForm$Kind
Event: 0.196 loading class java/lang/invoke/LambdaForm$Kind done
Event: 0.197 loading class java/lang/NoSuchMethodException
Event: 0.197 loading class java/lang/NoSuchMethodException done
Event: 0.197 loading class java/lang/invoke/LambdaForm$BasicType


Dynamic libraries:
0x00007ff6faee0000 - 0x00007ff6faeea000 	C:\Program Files\Android\Android Studio\jbr\bin\java.exe
0x00007ffe9d130000 - 0x00007ffe9d328000 	C:\Windows\SYSTEM32\ntdll.dll
0x00007ffe9b610000 - 0x00007ffe9b6cd000 	C:\Windows\System32\KERNEL32.DLL
0x00007ffe9ac70000 - 0x00007ffe9af66000 	C:\Windows\System32\KERNELBASE.dll
0x00007ffe9ab70000 - 0x00007ffe9ac70000 	C:\Windows\System32\ucrtbase.dll
0x00007ffe6c570000 - 0x00007ffe6c587000 	C:\Program Files\Android\Android Studio\jbr\bin\jli.dll
0x00007ffe76c60000 - 0x00007ffe76c7b000 	C:\Program Files\Android\Android Studio\jbr\bin\VCRUNTIME140.dll
0x00007ffe9cb70000 - 0x00007ffe9cd0e000 	C:\Windows\System32\USER32.dll
0x00007ffe85fa0000 - 0x00007ffe8623a000 	C:\Windows\WinSxS\amd64_microsoft.windows.common-controls_6595b64144ccf1df_6.0.19041.3636_none_60b6a03d71f818d5\COMCTL32.dll
0x00007ffe9b480000 - 0x00007ffe9b51e000 	C:\Windows\System32\msvcrt.dll
0x00007ffe9a960000 - 0x00007ffe9a982000 	C:\Windows\System32\win32u.dll
0x00007ffe9b180000 - 0x00007ffe9b1ac000 	C:\Windows\System32\GDI32.dll
0x00007ffe9a990000 - 0x00007ffe9aaaa000 	C:\Windows\System32\gdi32full.dll
0x00007ffe9b090000 - 0x00007ffe9b12d000 	C:\Windows\System32\msvcp_win.dll
0x00007ffe9c200000 - 0x00007ffe9c230000 	C:\Windows\System32\IMM32.DLL
0x00007ffe801a0000 - 0x00007ffe801ac000 	C:\Program Files\Android\Android Studio\jbr\bin\vcruntime140_1.dll
0x00007ffe5b9c0000 - 0x00007ffe5ba4d000 	C:\Program Files\Android\Android Studio\jbr\bin\msvcp140.dll
0x00007ffe3bf00000 - 0x00007ffe3cb80000 	C:\Program Files\Android\Android Studio\jbr\bin\server\jvm.dll
0x00007ffe9ce40000 - 0x00007ffe9cef3000 	C:\Windows\System32\ADVAPI32.dll
0x00007ffe9b240000 - 0x00007ffe9b2df000 	C:\Windows\System32\sechost.dll
0x00007ffe9ca40000 - 0x00007ffe9cb66000 	C:\Windows\System32\RPCRT4.dll
0x00007ffe9ab40000 - 0x00007ffe9ab67000 	C:\Windows\System32\bcrypt.dll
0x00007ffe82d90000 - 0x00007ffe82d99000 	C:\Windows\SYSTEM32\WSOCK32.dll
0x00007ffe82e60000 - 0x00007ffe82e87000 	C:\Windows\SYSTEM32\WINMM.dll
0x00007ffe9b410000 - 0x00007ffe9b47b000 	C:\Windows\System32\WS2_32.dll
0x00007ffe93630000 - 0x00007ffe9363a000 	C:\Windows\SYSTEM32\VERSION.dll
0x00007ffe99050000 - 0x00007ffe99062000 	C:\Windows\SYSTEM32\kernel.appcore.dll
0x00007ffe7e440000 - 0x00007ffe7e44a000 	C:\Program Files\Android\Android Studio\jbr\bin\jimage.dll
0x00007ffe98d10000 - 0x00007ffe98ef4000 	C:\Windows\SYSTEM32\DBGHELP.DLL
0x00007ffe78b00000 - 0x00007ffe78b34000 	C:\Windows\SYSTEM32\dbgcore.DLL
0x00007ffe9aab0000 - 0x00007ffe9ab32000 	C:\Windows\System32\bcryptPrimitives.dll
0x00007ffe6fc90000 - 0x00007ffe6fcb5000 	C:\Program Files\Android\Android Studio\jbr\bin\java.dll
0x00007ffe6fc70000 - 0x00007ffe6fc88000 	C:\Program Files\Android\Android Studio\jbr\bin\zip.dll
0x00007ffe9bab0000 - 0x00007ffe9c1f5000 	C:\Windows\System32\SHELL32.dll
0x00007ffe984a0000 - 0x00007ffe98c3b000 	C:\Windows\SYSTEM32\windows.storage.dll
0x00007ffe9b6e0000 - 0x00007ffe9ba34000 	C:\Windows\System32\combase.dll
0x00007ffe9a150000 - 0x00007ffe9a17d000 	C:\Windows\SYSTEM32\Wldp.dll
0x00007ffe9cd90000 - 0x00007ffe9ce3d000 	C:\Windows\System32\SHCORE.dll
0x00007ffe9ba40000 - 0x00007ffe9ba95000 	C:\Windows\System32\shlwapi.dll
0x00007ffe9a730000 - 0x00007ffe9a755000 	C:\Windows\SYSTEM32\profapi.dll
0x00007ffe6f6f0000 - 0x00007ffe6f709000 	C:\Program Files\Android\Android Studio\jbr\bin\net.dll
0x00007ffe91760000 - 0x00007ffe9186a000 	C:\Windows\SYSTEM32\WINHTTP.dll
0x00007ffe99f30000 - 0x00007ffe99f9a000 	C:\Windows\system32\mswsock.dll
0x00007ffe6ca60000 - 0x00007ffe6ca76000 	C:\Program Files\Android\Android Studio\jbr\bin\nio.dll

dbghelp: loaded successfully - version: 4.0.5 - missing functions: none
symbol engine: initialized successfully - sym options: 0x614 - pdb path: .;C:\Program Files\Android\Android Studio\jbr\bin;C:\Windows\SYSTEM32;C:\Windows\WinSxS\amd64_microsoft.windows.common-controls_6595b64144ccf1df_6.0.19041.3636_none_60b6a03d71f818d5;C:\Program Files\Android\Android Studio\jbr\bin\server

VM Arguments:
java_command: org.jetbrains.kotlin.cli.jvm.K2JVMCompiler @D:\AndroidBasic\compository\app\build\20240117_18400123989826051140.compiler.options
java_class_path (initial): C:\Users\Pro Lay\.gradle\caches\modules-2\files-2.1\org.jetbrains.kotlin\kotlin-compiler-embeddable\1.9.0\2c8c3a7402becca891f12739b3e9fd2dc2adbd7a\kotlin-compiler-embeddable-1.9.0.jar;C:\Users\Pro Lay\.gradle\caches\modules-2\files-2.1\org.jetbrains.kotlin\kotlin-stdlib\1.9.0\8ee15ef0c67dc83d874f412d84378d7f0eb50b63\kotlin-stdlib-1.9.0.jar;C:\Users\Pro Lay\.gradle\caches\modules-2\files-2.1\org.jetbrains.kotlin\kotlin-script-runtime\1.9.0\4b3102cbbb7e1b58d9d1adf89563f00069ffa7d1\kotlin-script-runtime-1.9.0.jar;C:\Users\Pro Lay\.gradle\caches\modules-2\files-2.1\org.jetbrains.kotlin\kotlin-reflect\1.6.10\1cbe9c92c12a94eea200d23c2bbaedaf3daf5132\kotlin-reflect-1.6.10.jar;C:\Users\Pro Lay\.gradle\caches\modules-2\files-2.1\org.jetbrains.kotlin\kotlin-daemon-embeddable\1.9.0\186543f5e28cf8d9a0290fecc2cf34301c40a65c\kotlin-daemon-embeddable-1.9.0.jar;C:\Users\Pro Lay\.gradle\caches\modules-2\files-2.1\org.jetbrains.intellij.deps\trove4j\1.0.20200330\3afb14d5f9ceb459d724e907a21145e8ff394f02\trove4j-1.0.20200330.jar;C:\Users\Pro Lay\.gradle\caches\modules-2\files-2.1\org.jetbrains.kotlin\kotlin-stdlib-common\1.9.0\cd65c21cfd1eec4d44ef09f9f52b6d9f8a720636\kotlin-stdlib-common-1.9.0.jar;C:\Users\Pro Lay\.gradle\caches\modules-2\files-2.1\org.jetbrains\annotations\13.0\919f0dfe192fb4e063e7dacadee7f8bb9a2672a9\annotations-13.0.jar
Launcher Type: SUN_STANDARD

[Global flags]
     intx CICompilerCount                          = 4                                         {product} {ergonomic}
     uint ConcGCThreads                            = 2                                         {product} {ergonomic}
     uint G1ConcRefinementThreads                  = 8                                         {product} {ergonomic}
   size_t G1HeapRegionSize                         = 2097152                                   {product} {ergonomic}
    uintx GCDrainStackTargetSize                   = 64                                        {product} {ergonomic}
   size_t InitialHeapSize                          = 268435456                                 {product} {ergonomic}
   size_t MarkStackSize                            = 4194304                                   {product} {ergonomic}
   size_t MaxHeapSize                              = 4269801472                                {product} {ergonomic}
   size_t MaxNewSize                               = 2560622592                                {product} {ergonomic}
   size_t MinHeapDeltaBytes                        = 2097152                                   {product} {ergonomic}
   size_t MinHeapSize                              = 8388608                                   {product} {ergonomic}
    uintx NonNMethodCodeHeapSize                   = 5839372                                {pd product} {ergonomic}
    uintx NonProfiledCodeHeapSize                  = 122909434                              {pd product} {ergonomic}
    uintx ProfiledCodeHeapSize                     = 122909434                              {pd product} {ergonomic}
    uintx ReservedCodeCacheSize                    = 251658240                              {pd product} {ergonomic}
     bool SegmentedCodeCache                       = true                                      {product} {ergonomic}
   size_t SoftMaxHeapSize                          = 4269801472                             {manageable} {ergonomic}
     bool UseCompressedClassPointers               = true                           {product lp64_product} {ergonomic}
     bool UseCompressedOops                        = true                           {product lp64_product} {ergonomic}
     bool UseG1GC                                  = true                                      {product} {ergonomic}
     bool UseLargePagesIndividualAllocation        = false                                  {pd product} {ergonomic}

Logging:
Log output configuration:
 #0: stdout all=warning uptime,level,tags
 #1: stderr all=off uptime,level,tags

Environment Variables:
PATH=C:\Windows\system32;C:\Windows;C:\Windows\System32\Wbem;C:\Windows\System32\WindowsPowerShell\v1.0\;C:\Windows\System32\OpenSSH\;C:\Program Files\Git\cmd;C:\Users\Pro Lay\AppData\Local\Microsoft\WindowsApps;C:\SDK\flutter\bin;;C:\Users\Pro Lay\AppData\Local\Programs\Microsoft VS Code\bin
USERNAME=Pro Lay
OS=Windows_NT
PROCESSOR_IDENTIFIER=Intel64 Family 6 Model 142 Stepping 10, GenuineIntel
TMP=C:\Users\PROLAY~1\AppData\Local\Temp
TEMP=C:\Users\PROLAY~1\AppData\Local\Temp


JNI global refs:
JNI global refs: 8, weak refs: 0

JNI global refs memory usage: 843, weak refs: 209

OOME stack traces (most recent first):
Classloader memory used:
Loader bootstrap                                                                       : 672K
Loader jdk.internal.loader.ClassLoaders$AppClassLoader                                 : 52634B


---------------  S Y S T E M  ---------------

OS:
 Windows 10 , 64 bit Build 19041 (10.0.19041.3636)
OS uptime: 0 days 17:56 hours
Hyper-V role detected

CPU: total 8 (initial active 8) (4 cores per cpu, 2 threads per core) family 6 model 142 stepping 10 microcode 0xf0, cx8, cmov, fxsr, ht, mmx, 3dnowpref, sse, sse2, sse3, ssse3, sse4.1, sse4.2, popcnt, lzcnt, tsc, tscinvbit, avx, avx2, aes, erms, clmul, bmi1, bmi2, adx, fma, vzeroupper, clflush, clflushopt, hv

Memory: 4k page, system-wide physical 16281M (3666M free)
TotalPageFile size 46791M (AvailPageFile size 5M)
current process WorkingSet (physical memory assigned to process): 39M, peak: 39M
current process commit charge ("private bytes"): 339M, peak: 340M

vm_info: OpenJDK 64-Bit Server VM (17.0.7+0-b2043.56-10550314) for windows-amd64 JRE (17.0.7+0-b2043.56-10550314), built on Jul 24 2023 18:27:45 by "androidbuild" with MS VC++ 16.10 / 16.11 (VS2019)

END.
