#
# There is insufficient memory for the Java Runtime Environment to continue.
# Native memory allocation (mmap) failed to map 65536 bytes for Failed to commit metaspace.
# Possible reasons:
#   The system is out of physical RAM or swap space
#   The process is running with CompressedOops enabled, and the Java Heap may be blocking the growth of the native heap
# Possible solutions:
#   Reduce memory load on the system
#   Increase physical memory or swap space
#   Check if swap backing store is full
#   Decrease Java heap size (-Xmx/-Xms)
#   Decrease number of Java threads
#   Decrease Java thread stack sizes (-Xss)
#   Set larger code cache with -XX:ReservedCodeCacheSize=
#   JVM is running with Zero Based Compressed Oops mode in which the Java heap is
#     placed in the first 32GB address space. The Java Heap base address is the
#     maximum limit for the native heap growth. Please use -XX:HeapBaseMinAddress
#     to set the Java Heap base and to place the Java Heap above 32GB virtual address.
# This output file may be truncated or incomplete.
#
#  Out of Memory Error (virtualSpaceNode.cpp:110), pid=12324, tid=14032
#
# JRE version: OpenJDK Runtime Environment (17.0.7) (build 17.0.7+0-b2043.56-10550314)
# Java VM: OpenJDK 64-Bit Server VM (17.0.7+0-b2043.56-10550314, mixed mode, tiered, compressed oops, compressed class ptrs, g1 gc, windows-amd64)
# No core dump will be written. Minidumps are not enabled by default on client versions of Windows
#

---------------  S U M M A R Y ------------

Command Line: org.jetbrains.kotlin.cli.jvm.K2JVMCompiler @D:\AndroidBasic\compository\app\build\20240117_1774691166862258423.compiler.options

Host: Intel(R) Core(TM) i7-8550U CPU @ 1.80GHz, 8 cores, 15G,  Windows 10 , 64 bit Build 19041 (10.0.19041.3636)
Time: Wed Jan 17 17:42:28 2024 Myanmar Standard Time elapsed time: 0.240789 seconds (0d 0h 0m 0s)

---------------  T H R E A D  ---------------

Current thread (0x0000021e75f517e0):  JavaThread "main" [_thread_in_vm, id=14032, stack(0x000000f0ed500000,0x000000f0ed600000)]

Stack: [0x000000f0ed500000,0x000000f0ed600000]
Native frames: (J=compiled Java code, j=interpreted, Vv=VM code, C=native code)
V  [jvm.dll+0x683bfa]
V  [jvm.dll+0x8430a4]
V  [jvm.dll+0x8449be]
V  [jvm.dll+0x845023]
V  [jvm.dll+0x24ad2f]
V  [jvm.dll+0x83e45b]
V  [jvm.dll+0x6281e6]
V  [jvm.dll+0x1c29ee]
V  [jvm.dll+0x62ab31]
V  [jvm.dll+0x628b86]
V  [jvm.dll+0x23ec1f]
V  [jvm.dll+0x632a15]
V  [jvm.dll+0x1eea7b]
V  [jvm.dll+0x1eefb5]
V  [jvm.dll+0x1ef8d4]
V  [jvm.dll+0x1e4e1c]
V  [jvm.dll+0x54a1dd]
V  [jvm.dll+0x7bd775]
V  [jvm.dll+0x7bd88e]
V  [jvm.dll+0x413a8a]
V  [jvm.dll+0x419c09]
C  [java.dll+0x17ec]

Java frames: (J=compiled Java code, j=interpreted, Vv=VM code)
j  java.lang.ClassLoader.defineClass1(Ljava/lang/ClassLoader;Ljava/lang/String;[BIILjava/security/ProtectionDomain;Ljava/lang/String;)Ljava/lang/Class;+0 java.base@17.0.7
j  java.lang.ClassLoader.defineClass(Ljava/lang/String;[BIILjava/security/ProtectionDomain;)Ljava/lang/Class;+27 java.base@17.0.7
j  java.security.SecureClassLoader.defineClass(Ljava/lang/String;[BIILjava/security/CodeSource;)Ljava/lang/Class;+12 java.base@17.0.7
j  jdk.internal.loader.BuiltinClassLoader.defineClass(Ljava/lang/String;Ljdk/internal/loader/Resource;)Ljava/lang/Class;+117 java.base@17.0.7
j  jdk.internal.loader.BuiltinClassLoader.findClassOnClassPathOrNull(Ljava/lang/String;)Ljava/lang/Class;+37 java.base@17.0.7
j  jdk.internal.loader.BuiltinClassLoader.loadClassOrNull(Ljava/lang/String;Z)Ljava/lang/Class;+111 java.base@17.0.7
j  jdk.internal.loader.BuiltinClassLoader.loadClass(Ljava/lang/String;Z)Ljava/lang/Class;+3 java.base@17.0.7
j  jdk.internal.loader.ClassLoaders$AppClassLoader.loadClass(Ljava/lang/String;Z)Ljava/lang/Class;+36 java.base@17.0.7
j  java.lang.ClassLoader.loadClass(Ljava/lang/String;)Ljava/lang/Class;+3 java.base@17.0.7
v  ~StubRoutines::call_stub
j  java.lang.Class.getDeclaredMethods0(Z)[Ljava/lang/reflect/Method;+0 java.base@17.0.7
j  java.lang.Class.privateGetDeclaredMethods(Z)[Ljava/lang/reflect/Method;+34 java.base@17.0.7
j  java.lang.Class.getMethodsRecursive(Ljava/lang/String;[Ljava/lang/Class;Z)Ljava/lang/PublicMethods$MethodList;+2 java.base@17.0.7
j  java.lang.Class.getMethod0(Ljava/lang/String;[Ljava/lang/Class;)Ljava/lang/reflect/Method;+14 java.base@17.0.7
j  java.lang.Class.getMethod(Ljava/lang/String;[Ljava/lang/Class;)Ljava/lang/reflect/Method;+26 java.base@17.0.7
j  sun.launcher.LauncherHelper.validateMainClass(Ljava/lang/Class;)V+16 java.base@17.0.7
j  sun.launcher.LauncherHelper.checkAndLoadMain(ZILjava/lang/String;)Ljava/lang/Class;+80 java.base@17.0.7
v  ~StubRoutines::call_stub

---------------  P R O C E S S  ---------------

Threads class SMR info:
_java_thread_list=0x0000021e7fcffca0, length=13, elements={
0x0000021e75f517e0, 0x0000021e7fb2d350, 0x0000021e7fb2e0d0, 0x0000021e7fb95b90,
0x0000021e7fb96650, 0x0000021e7fb99320, 0x0000021e7fb99be0, 0x0000021e7fb9a880,
0x0000021e7fba0740, 0x0000021e7fba9050, 0x0000021e7fd01690, 0x0000021e7fd15010,
0x0000021e7fd29ae0
}

Java Threads: ( => current thread )
=>0x0000021e75f517e0 JavaThread "main" [_thread_in_vm, id=14032, stack(0x000000f0ed500000,0x000000f0ed600000)]
  0x0000021e7fb2d350 JavaThread "Reference Handler" daemon [_thread_blocked, id=2884, stack(0x000000f0edc00000,0x000000f0edd00000)]
  0x0000021e7fb2e0d0 JavaThread "Finalizer" daemon [_thread_blocked, id=10768, stack(0x000000f0edd00000,0x000000f0ede00000)]
  0x0000021e7fb95b90 JavaThread "Signal Dispatcher" daemon [_thread_blocked, id=2824, stack(0x000000f0ede00000,0x000000f0edf00000)]
  0x0000021e7fb96650 JavaThread "Attach Listener" daemon [_thread_blocked, id=15096, stack(0x000000f0edf00000,0x000000f0ee000000)]
  0x0000021e7fb99320 JavaThread "Service Thread" daemon [_thread_blocked, id=6264, stack(0x000000f0ee000000,0x000000f0ee100000)]
  0x0000021e7fb99be0 JavaThread "Monitor Deflation Thread" daemon [_thread_blocked, id=5100, stack(0x000000f0ee100000,0x000000f0ee200000)]
  0x0000021e7fb9a880 JavaThread "C2 CompilerThread0" daemon [_thread_blocked, id=14372, stack(0x000000f0ee200000,0x000000f0ee300000)]
  0x0000021e7fba0740 JavaThread "C1 CompilerThread0" daemon [_thread_blocked, id=6728, stack(0x000000f0ee300000,0x000000f0ee400000)]
  0x0000021e7fba9050 JavaThread "Sweeper thread" daemon [_thread_blocked, id=10480, stack(0x000000f0ee400000,0x000000f0ee500000)]
  0x0000021e7fd01690 JavaThread "Notification Thread" daemon [_thread_blocked, id=11952, stack(0x000000f0ee500000,0x000000f0ee600000)]
  0x0000021e7fd15010 JavaThread "Common-Cleaner" daemon [_thread_blocked, id=1656, stack(0x000000f0ee700000,0x000000f0ee800000)]
  0x0000021e7fd29ae0 JavaThread "C2 CompilerThread1" daemon [_thread_blocked, id=13716, stack(0x000000f0ee800000,0x000000f0ee900000)]

Other Threads:
  0x0000021e7fb49310 VMThread "VM Thread" [stack: 0x000000f0edb00000,0x000000f0edc00000] [id=11596]
  0x0000021e75fe28e0 WatcherThread [stack: 0x000000f0ee600000,0x000000f0ee700000] [id=5024]
  0x0000021e75fbc7a0 GCTaskThread "GC Thread#0" [stack: 0x000000f0ed600000,0x000000f0ed700000] [id=3876]
  0x0000021e75fcd470 ConcurrentGCThread "G1 Main Marker" [stack: 0x000000f0ed700000,0x000000f0ed800000] [id=11284]
  0x0000021e75fceda0 ConcurrentGCThread "G1 Conc#0" [stack: 0x000000f0ed800000,0x000000f0ed900000] [id=4680]
  0x0000021e7601dd60 ConcurrentGCThread "G1 Refine#0" [stack: 0x000000f0ed900000,0x000000f0eda00000] [id=12252]
  0x0000021e7601e690 ConcurrentGCThread "G1 Service" [stack: 0x000000f0eda00000,0x000000f0edb00000] [id=14396]

Threads with active compile tasks:

VM state: not at safepoint (normal execution)

VM Mutex/Monitor currently owned by a thread:  ([mutex/lock_event])
[0x0000021e73dcc0f0] Metaspace_lock - owner thread: 0x0000021e75f517e0

Heap address: 0x0000000701800000, size: 4072 MB, Compressed Oops mode: Zero based, Oop shift amount: 3

CDS archive(s) not mapped
Compressed class space mapped at: 0x0000000800000000-0x0000000840000000, reserved size: 1073741824
Narrow klass base: 0x0000000800000000, Narrow klass shift: 0, Narrow klass range: 0x40000000

GC Precious Log:
 CPUs: 8 total, 8 available
 Memory: 16281M
 Large Page Support: Disabled
 NUMA Support: Disabled
 Compressed Oops: Enabled (Zero based)
 Heap Region Size: 2M
 Heap Min Capacity: 8M
 Heap Initial Capacity: 256M
 Heap Max Capacity: 4072M
 Pre-touch: Disabled
 Parallel Workers: 8
 Concurrent Workers: 2
 Concurrent Refinement Workers: 8
 Periodic GC: Disabled

Heap:
 garbage-first heap   total 262144K, used 4096K [0x0000000701800000, 0x0000000800000000)
  region size 2048K, 2 young (4096K), 0 survivors (0K)
 Metaspace       used 5006K, committed 5120K, reserved 1114112K
  class space    used 421K, committed 512K, reserved 1048576K

Heap Regions: E=young(eden), S=young(survivor), O=old, HS=humongous(starts), HC=humongous(continues), CS=collection set, F=free, OA=open archive, CA=closed archive, TAMS=top-at-mark-start (previous, next)
|   0|0x0000000701800000, 0x0000000701a00000, 0x0000000701a00000|100%|HS|  |TAMS 0x0000000701800000, 0x0000000701800000| Complete 
|   1|0x0000000701a00000, 0x0000000701c00000, 0x0000000701c00000|100%|HC|  |TAMS 0x0000000701a00000, 0x0000000701a00000| Complete 
|   2|0x0000000701c00000, 0x0000000701c00000, 0x0000000701e00000|  0%| F|  |TAMS 0x0000000701c00000, 0x0000000701c00000| Untracked 
|   3|0x0000000701e00000, 0x0000000701e00000, 0x0000000702000000|  0%| F|  |TAMS 0x0000000701e00000, 0x0000000701e00000| Untracked 
|   4|0x0000000702000000, 0x0000000702000000, 0x0000000702200000|  0%| F|  |TAMS 0x0000000702000000, 0x0000000702000000| Untracked 
|   5|0x0000000702200000, 0x0000000702200000, 0x0000000702400000|  0%| F|  |TAMS 0x0000000702200000, 0x0000000702200000| Untracked 
|   6|0x0000000702400000, 0x0000000702400000, 0x0000000702600000|  0%| F|  |TAMS 0x0000000702400000, 0x0000000702400000| Untracked 
|   7|0x0000000702600000, 0x0000000702600000, 0x0000000702800000|  0%| F|  |TAMS 0x0000000702600000, 0x0000000702600000| Untracked 
|   8|0x0000000702800000, 0x0000000702800000, 0x0000000702a00000|  0%| F|  |TAMS 0x0000000702800000, 0x0000000702800000| Untracked 
|   9|0x0000000702a00000, 0x0000000702a00000, 0x0000000702c00000|  0%| F|  |TAMS 0x0000000702a00000, 0x0000000702a00000| Untracked 
|  10|0x0000000702c00000, 0x0000000702c00000, 0x0000000702e00000|  0%| F|  |TAMS 0x0000000702c00000, 0x0000000702c00000| Untracked 
|  11|0x0000000702e00000, 0x0000000702e00000, 0x0000000703000000|  0%| F|  |TAMS 0x0000000702e00000, 0x0000000702e00000| Untracked 
|  12|0x0000000703000000, 0x0000000703000000, 0x0000000703200000|  0%| F|  |TAMS 0x0000000703000000, 0x0000000703000000| Untracked 
|  13|0x0000000703200000, 0x0000000703200000, 0x0000000703400000|  0%| F|  |TAMS 0x0000000703200000, 0x0000000703200000| Untracked 
|  14|0x0000000703400000, 0x0000000703400000, 0x0000000703600000|  0%| F|  |TAMS 0x0000000703400000, 0x0000000703400000| Untracked 
|  15|0x0000000703600000, 0x0000000703600000, 0x0000000703800000|  0%| F|  |TAMS 0x0000000703600000, 0x0000000703600000| Untracked 
|  16|0x0000000703800000, 0x0000000703800000, 0x0000000703a00000|  0%| F|  |TAMS 0x0000000703800000, 0x0000000703800000| Untracked 
|  17|0x0000000703a00000, 0x0000000703a00000, 0x0000000703c00000|  0%| F|  |TAMS 0x0000000703a00000, 0x0000000703a00000| Untracked 
|  18|0x0000000703c00000, 0x0000000703c00000, 0x0000000703e00000|  0%| F|  |TAMS 0x0000000703c00000, 0x0000000703c00000| Untracked 
|  19|0x0000000703e00000, 0x0000000703e00000, 0x0000000704000000|  0%| F|  |TAMS 0x0000000703e00000, 0x0000000703e00000| Untracked 
|  20|0x0000000704000000, 0x0000000704000000, 0x0000000704200000|  0%| F|  |TAMS 0x0000000704000000, 0x0000000704000000| Untracked 
|  21|0x0000000704200000, 0x0000000704200000, 0x0000000704400000|  0%| F|  |TAMS 0x0000000704200000, 0x0000000704200000| Untracked 
|  22|0x0000000704400000, 0x0000000704400000, 0x0000000704600000|  0%| F|  |TAMS 0x0000000704400000, 0x0000000704400000| Untracked 
|  23|0x0000000704600000, 0x0000000704600000, 0x0000000704800000|  0%| F|  |TAMS 0x0000000704600000, 0x0000000704600000| Untracked 
|  24|0x0000000704800000, 0x0000000704800000, 0x0000000704a00000|  0%| F|  |TAMS 0x0000000704800000, 0x0000000704800000| Untracked 
|  25|0x0000000704a00000, 0x0000000704a00000, 0x0000000704c00000|  0%| F|  |TAMS 0x0000000704a00000, 0x0000000704a00000| Untracked 
|  26|0x0000000704c00000, 0x0000000704c00000, 0x0000000704e00000|  0%| F|  |TAMS 0x0000000704c00000, 0x0000000704c00000| Untracked 
|  27|0x0000000704e00000, 0x0000000704e00000, 0x0000000705000000|  0%| F|  |TAMS 0x0000000704e00000, 0x0000000704e00000| Untracked 
|  28|0x0000000705000000, 0x0000000705000000, 0x0000000705200000|  0%| F|  |TAMS 0x0000000705000000, 0x0000000705000000| Untracked 
|  29|0x0000000705200000, 0x0000000705200000, 0x0000000705400000|  0%| F|  |TAMS 0x0000000705200000, 0x0000000705200000| Untracked 
|  30|0x0000000705400000, 0x0000000705400000, 0x0000000705600000|  0%| F|  |TAMS 0x0000000705400000, 0x0000000705400000| Untracked 
|  31|0x0000000705600000, 0x0000000705600000, 0x0000000705800000|  0%| F|  |TAMS 0x0000000705600000, 0x0000000705600000| Untracked 
|  32|0x0000000705800000, 0x0000000705800000, 0x0000000705a00000|  0%| F|  |TAMS 0x0000000705800000, 0x0000000705800000| Untracked 
|  33|0x0000000705a00000, 0x0000000705a00000, 0x0000000705c00000|  0%| F|  |TAMS 0x0000000705a00000, 0x0000000705a00000| Untracked 
|  34|0x0000000705c00000, 0x0000000705c00000, 0x0000000705e00000|  0%| F|  |TAMS 0x0000000705c00000, 0x0000000705c00000| Untracked 
|  35|0x0000000705e00000, 0x0000000705e00000, 0x0000000706000000|  0%| F|  |TAMS 0x0000000705e00000, 0x0000000705e00000| Untracked 
|  36|0x0000000706000000, 0x0000000706000000, 0x0000000706200000|  0%| F|  |TAMS 0x0000000706000000, 0x0000000706000000| Untracked 
|  37|0x0000000706200000, 0x0000000706200000, 0x0000000706400000|  0%| F|  |TAMS 0x0000000706200000, 0x0000000706200000| Untracked 
|  38|0x0000000706400000, 0x0000000706400000, 0x0000000706600000|  0%| F|  |TAMS 0x0000000706400000, 0x0000000706400000| Untracked 
|  39|0x0000000706600000, 0x0000000706600000, 0x0000000706800000|  0%| F|  |TAMS 0x0000000706600000, 0x0000000706600000| Untracked 
|  40|0x0000000706800000, 0x0000000706800000, 0x0000000706a00000|  0%| F|  |TAMS 0x0000000706800000, 0x0000000706800000| Untracked 
|  41|0x0000000706a00000, 0x0000000706a00000, 0x0000000706c00000|  0%| F|  |TAMS 0x0000000706a00000, 0x0000000706a00000| Untracked 
|  42|0x0000000706c00000, 0x0000000706c00000, 0x0000000706e00000|  0%| F|  |TAMS 0x0000000706c00000, 0x0000000706c00000| Untracked 
|  43|0x0000000706e00000, 0x0000000706e00000, 0x0000000707000000|  0%| F|  |TAMS 0x0000000706e00000, 0x0000000706e00000| Untracked 
|  44|0x0000000707000000, 0x0000000707000000, 0x0000000707200000|  0%| F|  |TAMS 0x0000000707000000, 0x0000000707000000| Untracked 
|  45|0x0000000707200000, 0x0000000707200000, 0x0000000707400000|  0%| F|  |TAMS 0x0000000707200000, 0x0000000707200000| Untracked 
|  46|0x0000000707400000, 0x0000000707400000, 0x0000000707600000|  0%| F|  |TAMS 0x0000000707400000, 0x0000000707400000| Untracked 
|  47|0x0000000707600000, 0x0000000707600000, 0x0000000707800000|  0%| F|  |TAMS 0x0000000707600000, 0x0000000707600000| Untracked 
|  48|0x0000000707800000, 0x0000000707800000, 0x0000000707a00000|  0%| F|  |TAMS 0x0000000707800000, 0x0000000707800000| Untracked 
|  49|0x0000000707a00000, 0x0000000707a00000, 0x0000000707c00000|  0%| F|  |TAMS 0x0000000707a00000, 0x0000000707a00000| Untracked 
|  50|0x0000000707c00000, 0x0000000707c00000, 0x0000000707e00000|  0%| F|  |TAMS 0x0000000707c00000, 0x0000000707c00000| Untracked 
|  51|0x0000000707e00000, 0x0000000707e00000, 0x0000000708000000|  0%| F|  |TAMS 0x0000000707e00000, 0x0000000707e00000| Untracked 
|  52|0x0000000708000000, 0x0000000708000000, 0x0000000708200000|  0%| F|  |TAMS 0x0000000708000000, 0x0000000708000000| Untracked 
|  53|0x0000000708200000, 0x0000000708200000, 0x0000000708400000|  0%| F|  |TAMS 0x0000000708200000, 0x0000000708200000| Untracked 
|  54|0x0000000708400000, 0x0000000708400000, 0x0000000708600000|  0%| F|  |TAMS 0x0000000708400000, 0x0000000708400000| Untracked 
|  55|0x0000000708600000, 0x0000000708600000, 0x0000000708800000|  0%| F|  |TAMS 0x0000000708600000, 0x0000000708600000| Untracked 
|  56|0x0000000708800000, 0x0000000708800000, 0x0000000708a00000|  0%| F|  |TAMS 0x0000000708800000, 0x0000000708800000| Untracked 
|  57|0x0000000708a00000, 0x0000000708a00000, 0x0000000708c00000|  0%| F|  |TAMS 0x0000000708a00000, 0x0000000708a00000| Untracked 
|  58|0x0000000708c00000, 0x0000000708c00000, 0x0000000708e00000|  0%| F|  |TAMS 0x0000000708c00000, 0x0000000708c00000| Untracked 
|  59|0x0000000708e00000, 0x0000000708e00000, 0x0000000709000000|  0%| F|  |TAMS 0x0000000708e00000, 0x0000000708e00000| Untracked 
|  60|0x0000000709000000, 0x0000000709000000, 0x0000000709200000|  0%| F|  |TAMS 0x0000000709000000, 0x0000000709000000| Untracked 
|  61|0x0000000709200000, 0x0000000709200000, 0x0000000709400000|  0%| F|  |TAMS 0x0000000709200000, 0x0000000709200000| Untracked 
|  62|0x0000000709400000, 0x0000000709400000, 0x0000000709600000|  0%| F|  |TAMS 0x0000000709400000, 0x0000000709400000| Untracked 
|  63|0x0000000709600000, 0x0000000709600000, 0x0000000709800000|  0%| F|  |TAMS 0x0000000709600000, 0x0000000709600000| Untracked 
|  64|0x0000000709800000, 0x0000000709800000, 0x0000000709a00000|  0%| F|  |TAMS 0x0000000709800000, 0x0000000709800000| Untracked 
|  65|0x0000000709a00000, 0x0000000709a00000, 0x0000000709c00000|  0%| F|  |TAMS 0x0000000709a00000, 0x0000000709a00000| Untracked 
|  66|0x0000000709c00000, 0x0000000709c00000, 0x0000000709e00000|  0%| F|  |TAMS 0x0000000709c00000, 0x0000000709c00000| Untracked 
|  67|0x0000000709e00000, 0x0000000709e00000, 0x000000070a000000|  0%| F|  |TAMS 0x0000000709e00000, 0x0000000709e00000| Untracked 
|  68|0x000000070a000000, 0x000000070a000000, 0x000000070a200000|  0%| F|  |TAMS 0x000000070a000000, 0x000000070a000000| Untracked 
|  69|0x000000070a200000, 0x000000070a200000, 0x000000070a400000|  0%| F|  |TAMS 0x000000070a200000, 0x000000070a200000| Untracked 
|  70|0x000000070a400000, 0x000000070a400000, 0x000000070a600000|  0%| F|  |TAMS 0x000000070a400000, 0x000000070a400000| Untracked 
|  71|0x000000070a600000, 0x000000070a600000, 0x000000070a800000|  0%| F|  |TAMS 0x000000070a600000, 0x000000070a600000| Untracked 
|  72|0x000000070a800000, 0x000000070a800000, 0x000000070aa00000|  0%| F|  |TAMS 0x000000070a800000, 0x000000070a800000| Untracked 
|  73|0x000000070aa00000, 0x000000070aa00000, 0x000000070ac00000|  0%| F|  |TAMS 0x000000070aa00000, 0x000000070aa00000| Untracked 
|  74|0x000000070ac00000, 0x000000070ac00000, 0x000000070ae00000|  0%| F|  |TAMS 0x000000070ac00000, 0x000000070ac00000| Untracked 
|  75|0x000000070ae00000, 0x000000070ae00000, 0x000000070b000000|  0%| F|  |TAMS 0x000000070ae00000, 0x000000070ae00000| Untracked 
|  76|0x000000070b000000, 0x000000070b000000, 0x000000070b200000|  0%| F|  |TAMS 0x000000070b000000, 0x000000070b000000| Untracked 
|  77|0x000000070b200000, 0x000000070b200000, 0x000000070b400000|  0%| F|  |TAMS 0x000000070b200000, 0x000000070b200000| Untracked 
|  78|0x000000070b400000, 0x000000070b400000, 0x000000070b600000|  0%| F|  |TAMS 0x000000070b400000, 0x000000070b400000| Untracked 
|  79|0x000000070b600000, 0x000000070b600000, 0x000000070b800000|  0%| F|  |TAMS 0x000000070b600000, 0x000000070b600000| Untracked 
|  80|0x000000070b800000, 0x000000070b800000, 0x000000070ba00000|  0%| F|  |TAMS 0x000000070b800000, 0x000000070b800000| Untracked 
|  81|0x000000070ba00000, 0x000000070ba00000, 0x000000070bc00000|  0%| F|  |TAMS 0x000000070ba00000, 0x000000070ba00000| Untracked 
|  82|0x000000070bc00000, 0x000000070bc00000, 0x000000070be00000|  0%| F|  |TAMS 0x000000070bc00000, 0x000000070bc00000| Untracked 
|  83|0x000000070be00000, 0x000000070be00000, 0x000000070c000000|  0%| F|  |TAMS 0x000000070be00000, 0x000000070be00000| Untracked 
|  84|0x000000070c000000, 0x000000070c000000, 0x000000070c200000|  0%| F|  |TAMS 0x000000070c000000, 0x000000070c000000| Untracked 
|  85|0x000000070c200000, 0x000000070c200000, 0x000000070c400000|  0%| F|  |TAMS 0x000000070c200000, 0x000000070c200000| Untracked 
|  86|0x000000070c400000, 0x000000070c400000, 0x000000070c600000|  0%| F|  |TAMS 0x000000070c400000, 0x000000070c400000| Untracked 
|  87|0x000000070c600000, 0x000000070c600000, 0x000000070c800000|  0%| F|  |TAMS 0x000000070c600000, 0x000000070c600000| Untracked 
|  88|0x000000070c800000, 0x000000070c800000, 0x000000070ca00000|  0%| F|  |TAMS 0x000000070c800000, 0x000000070c800000| Untracked 
|  89|0x000000070ca00000, 0x000000070ca00000, 0x000000070cc00000|  0%| F|  |TAMS 0x000000070ca00000, 0x000000070ca00000| Untracked 
|  90|0x000000070cc00000, 0x000000070cc00000, 0x000000070ce00000|  0%| F|  |TAMS 0x000000070cc00000, 0x000000070cc00000| Untracked 
|  91|0x000000070ce00000, 0x000000070ce00000, 0x000000070d000000|  0%| F|  |TAMS 0x000000070ce00000, 0x000000070ce00000| Untracked 
|  92|0x000000070d000000, 0x000000070d000000, 0x000000070d200000|  0%| F|  |TAMS 0x000000070d000000, 0x000000070d000000| Untracked 
|  93|0x000000070d200000, 0x000000070d200000, 0x000000070d400000|  0%| F|  |TAMS 0x000000070d200000, 0x000000070d200000| Untracked 
|  94|0x000000070d400000, 0x000000070d400000, 0x000000070d600000|  0%| F|  |TAMS 0x000000070d400000, 0x000000070d400000| Untracked 
|  95|0x000000070d600000, 0x000000070d600000, 0x000000070d800000|  0%| F|  |TAMS 0x000000070d600000, 0x000000070d600000| Untracked 
|  96|0x000000070d800000, 0x000000070d800000, 0x000000070da00000|  0%| F|  |TAMS 0x000000070d800000, 0x000000070d800000| Untracked 
|  97|0x000000070da00000, 0x000000070da00000, 0x000000070dc00000|  0%| F|  |TAMS 0x000000070da00000, 0x000000070da00000| Untracked 
|  98|0x000000070dc00000, 0x000000070dc00000, 0x000000070de00000|  0%| F|  |TAMS 0x000000070dc00000, 0x000000070dc00000| Untracked 
|  99|0x000000070de00000, 0x000000070de00000, 0x000000070e000000|  0%| F|  |TAMS 0x000000070de00000, 0x000000070de00000| Untracked 
| 100|0x000000070e000000, 0x000000070e000000, 0x000000070e200000|  0%| F|  |TAMS 0x000000070e000000, 0x000000070e000000| Untracked 
| 101|0x000000070e200000, 0x000000070e200000, 0x000000070e400000|  0%| F|  |TAMS 0x000000070e200000, 0x000000070e200000| Untracked 
| 102|0x000000070e400000, 0x000000070e400000, 0x000000070e600000|  0%| F|  |TAMS 0x000000070e400000, 0x000000070e400000| Untracked 
| 103|0x000000070e600000, 0x000000070e600000, 0x000000070e800000|  0%| F|  |TAMS 0x000000070e600000, 0x000000070e600000| Untracked 
| 104|0x000000070e800000, 0x000000070e800000, 0x000000070ea00000|  0%| F|  |TAMS 0x000000070e800000, 0x000000070e800000| Untracked 
| 105|0x000000070ea00000, 0x000000070ea00000, 0x000000070ec00000|  0%| F|  |TAMS 0x000000070ea00000, 0x000000070ea00000| Untracked 
| 106|0x000000070ec00000, 0x000000070ec00000, 0x000000070ee00000|  0%| F|  |TAMS 0x000000070ec00000, 0x000000070ec00000| Untracked 
| 107|0x000000070ee00000, 0x000000070ee00000, 0x000000070f000000|  0%| F|  |TAMS 0x000000070ee00000, 0x000000070ee00000| Untracked 
| 108|0x000000070f000000, 0x000000070f000000, 0x000000070f200000|  0%| F|  |TAMS 0x000000070f000000, 0x000000070f000000| Untracked 
| 109|0x000000070f200000, 0x000000070f200000, 0x000000070f400000|  0%| F|  |TAMS 0x000000070f200000, 0x000000070f200000| Untracked 
| 110|0x000000070f400000, 0x000000070f400000, 0x000000070f600000|  0%| F|  |TAMS 0x000000070f400000, 0x000000070f400000| Untracked 
| 111|0x000000070f600000, 0x000000070f600000, 0x000000070f800000|  0%| F|  |TAMS 0x000000070f600000, 0x000000070f600000| Untracked 
| 112|0x000000070f800000, 0x000000070f800000, 0x000000070fa00000|  0%| F|  |TAMS 0x000000070f800000, 0x000000070f800000| Untracked 
| 113|0x000000070fa00000, 0x000000070fa00000, 0x000000070fc00000|  0%| F|  |TAMS 0x000000070fa00000, 0x000000070fa00000| Untracked 
| 114|0x000000070fc00000, 0x000000070fc00000, 0x000000070fe00000|  0%| F|  |TAMS 0x000000070fc00000, 0x000000070fc00000| Untracked 
| 115|0x000000070fe00000, 0x000000070fe00000, 0x0000000710000000|  0%| F|  |TAMS 0x000000070fe00000, 0x000000070fe00000| Untracked 
| 116|0x0000000710000000, 0x0000000710000000, 0x0000000710200000|  0%| F|  |TAMS 0x0000000710000000, 0x0000000710000000| Untracked 
| 117|0x0000000710200000, 0x0000000710200000, 0x0000000710400000|  0%| F|  |TAMS 0x0000000710200000, 0x0000000710200000| Untracked 
| 118|0x0000000710400000, 0x0000000710400000, 0x0000000710600000|  0%| F|  |TAMS 0x0000000710400000, 0x0000000710400000| Untracked 
| 119|0x0000000710600000, 0x0000000710600000, 0x0000000710800000|  0%| F|  |TAMS 0x0000000710600000, 0x0000000710600000| Untracked 
| 120|0x0000000710800000, 0x0000000710800000, 0x0000000710a00000|  0%| F|  |TAMS 0x0000000710800000, 0x0000000710800000| Untracked 
| 121|0x0000000710a00000, 0x0000000710a00000, 0x0000000710c00000|  0%| F|  |TAMS 0x0000000710a00000, 0x0000000710a00000| Untracked 
| 122|0x0000000710c00000, 0x0000000710c00000, 0x0000000710e00000|  0%| F|  |TAMS 0x0000000710c00000, 0x0000000710c00000| Untracked 
| 123|0x0000000710e00000, 0x0000000710e00000, 0x0000000711000000|  0%| F|  |TAMS 0x0000000710e00000, 0x0000000710e00000| Untracked 
| 124|0x0000000711000000, 0x0000000711000000, 0x0000000711200000|  0%| F|  |TAMS 0x0000000711000000, 0x0000000711000000| Untracked 
| 125|0x0000000711200000, 0x0000000711200000, 0x0000000711400000|  0%| F|  |TAMS 0x0000000711200000, 0x0000000711200000| Untracked 
| 126|0x0000000711400000, 0x00000007114c42c8, 0x0000000711600000| 38%| E|  |TAMS 0x0000000711400000, 0x0000000711400000| Complete 
| 127|0x0000000711600000, 0x0000000711800000, 0x0000000711800000|100%| E|  |TAMS 0x0000000711600000, 0x0000000711600000| Complete 

Card table byte_map: [0x0000021e79f60000,0x0000021e7a760000] _byte_map_base: 0x0000021e76754000

Marking Bits (Prev, Next): (CMBitMap*) 0x0000021e75fbccc0, (CMBitMap*) 0x0000021e75fbcd00
 Prev Bits: [0x0000021e7af60000, 0x0000021e7ef00000)
 Next Bits: [0x0000021e0f000000, 0x0000021e12fa0000)

Polling page: 0x0000021e73ef0000

Metaspace:

Usage:
  Non-class:      4.48 MB used.
      Class:    421.09 KB used.
       Both:      4.89 MB used.

Virtual space:
  Non-class space:       64.00 MB reserved,       4.50 MB (  7%) committed,  1 nodes.
      Class space:        1.00 GB reserved,     512.00 KB ( <1%) committed,  1 nodes.
             Both:        1.06 GB reserved,       5.00 MB ( <1%) committed. 

Chunk freelists:
   Non-Class:  10.80 MB
       Class:  15.55 MB
        Both:  26.34 MB

MaxMetaspaceSize: unlimited
CompressedClassSpaceSize: 1.00 GB
Initial GC threshold: 21.00 MB
Current GC threshold: 21.00 MB
CDS: off
MetaspaceReclaimPolicy: balanced
 - commit_granule_bytes: 65536.
 - commit_granule_words: 8192.
 - virtual_space_node_default_size: 8388608.
 - enlarge_chunks_in_place: 1.
 - new_chunks_are_fully_committed: 0.
 - uncommit_free_chunks: 1.
 - use_allocation_guard: 0.
 - handle_deallocations: 1.


Internal statistics:

num_allocs_failed_limit: 0.
num_arena_births: 4.
num_arena_deaths: 0.
num_vsnodes_births: 2.
num_vsnodes_deaths: 0.
num_space_committed: 80.
num_space_uncommitted: 0.
num_chunks_returned_to_freelist: 0.
num_chunks_taken_from_freelist: 18.
num_chunk_merges: 0.
num_chunk_splits: 12.
num_chunks_enlarged: 9.
num_inconsistent_stats: 0.

CodeHeap 'non-profiled nmethods': size=120000Kb used=24Kb max_used=24Kb free=119975Kb
 bounds [0x0000021e07ad0000, 0x0000021e07d40000, 0x0000021e0f000000]
CodeHeap 'profiled nmethods': size=120000Kb used=137Kb max_used=137Kb free=119862Kb
 bounds [0x0000021e00000000, 0x0000021e00270000, 0x0000021e07530000]
CodeHeap 'non-nmethods': size=5760Kb used=1054Kb max_used=1068Kb free=4705Kb
 bounds [0x0000021e07530000, 0x0000021e077a0000, 0x0000021e07ad0000]
 total_blobs=419 nmethods=104 adapters=228
 compilation: enabled
              stopped_count=0, restarted_count=0
 full_count=0

Compilation events (20 events):
Event: 0.225 Thread 0x0000021e7fba0740 nmethod 95 0x0000021e0001ea10 code [0x0000021e0001eba0, 0x0000021e0001ed78]
Event: 0.225 Thread 0x0000021e7fba0740   96       3       java.lang.CharacterDataLatin1::toLowerCase (39 bytes)
Event: 0.225 Thread 0x0000021e7fba0740 nmethod 96 0x0000021e0001ee10 code [0x0000021e0001efc0, 0x0000021e0001f218]
Event: 0.228 Thread 0x0000021e7fba0740   97       3       java.lang.AbstractStringBuilder::putStringAt (12 bytes)
Event: 0.228 Thread 0x0000021e7fd29ae0 nmethod 94 0x0000021e07ad5c90 code [0x0000021e07ad5e00, 0x0000021e07ad5f78]
Event: 0.228 Thread 0x0000021e7fba0740 nmethod 97 0x0000021e0001f310 code [0x0000021e0001f4c0, 0x0000021e0001f708]
Event: 0.228 Thread 0x0000021e7fba0740   98       3       java.lang.AbstractStringBuilder::putStringAt (34 bytes)
Event: 0.228 Thread 0x0000021e7fba0740 nmethod 98 0x0000021e0001f890 code [0x0000021e0001fa60, 0x0000021e0001fd78]
Event: 0.229 Thread 0x0000021e7fba0740   99       3       java.lang.StringLatin1::lastIndexOf (40 bytes)
Event: 0.229 Thread 0x0000021e7fba0740 nmethod 99 0x0000021e0001ff10 code [0x0000021e000200e0, 0x0000021e000204d8]
Event: 0.232 Thread 0x0000021e7fba0740  100       1       java.util.zip.Inflater$InflaterZStreamRef::address (5 bytes)
Event: 0.232 Thread 0x0000021e7fba0740 nmethod 100 0x0000021e07ad6090 code [0x0000021e07ad6220, 0x0000021e07ad62f8]
Event: 0.232 Thread 0x0000021e7fba0740  101       3       java.lang.StringBuilder::append (8 bytes)
Event: 0.232 Thread 0x0000021e7fba0740 nmethod 101 0x0000021e00020610 code [0x0000021e000207a0, 0x0000021e000208e8]
Event: 0.232 Thread 0x0000021e7fba0740  102       3       java.lang.AbstractStringBuilder::append (45 bytes)
Event: 0.233 Thread 0x0000021e7fba0740 nmethod 102 0x0000021e00020990 code [0x0000021e00020b60, 0x0000021e00020ea8]
Event: 0.233 Thread 0x0000021e7fba0740  103       3       java.util.Arrays::copyOfRange (64 bytes)
Event: 0.234 Thread 0x0000021e7fba0740 nmethod 103 0x0000021e00021010 code [0x0000021e00021280, 0x0000021e00021b98]
Event: 0.235 Thread 0x0000021e7fba0740  104       3       java.lang.StringLatin1::newString (24 bytes)
Event: 0.235 Thread 0x0000021e7fba0740 nmethod 104 0x0000021e00021f10 code [0x0000021e000220e0, 0x0000021e00022408]

GC Heap History (0 events):
No events

Dll operation events (1 events):
Event: 0.007 Loaded shared library C:\Program Files\Android\Android Studio\jbr\bin\java.dll

Deoptimization events (20 events):
Event: 0.202 Thread 0x0000021e75f517e0 DEOPT PACKING pc=0x0000021e0001848c sp=0x000000f0ed5fdbb0
Event: 0.202 Thread 0x0000021e75f517e0 DEOPT UNPACKING pc=0x0000021e07587143 sp=0x000000f0ed5fd040 mode 0
Event: 0.202 Thread 0x0000021e75f517e0 DEOPT PACKING pc=0x0000021e0001848c sp=0x000000f0ed5fdbb0
Event: 0.202 Thread 0x0000021e75f517e0 DEOPT UNPACKING pc=0x0000021e07587143 sp=0x000000f0ed5fd040 mode 0
Event: 0.202 Thread 0x0000021e75f517e0 DEOPT PACKING pc=0x0000021e0001848c sp=0x000000f0ed5fdbb0
Event: 0.202 Thread 0x0000021e75f517e0 DEOPT UNPACKING pc=0x0000021e07587143 sp=0x000000f0ed5fd040 mode 0
Event: 0.202 Thread 0x0000021e75f517e0 DEOPT PACKING pc=0x0000021e0001848c sp=0x000000f0ed5fdbb0
Event: 0.202 Thread 0x0000021e75f517e0 DEOPT UNPACKING pc=0x0000021e07587143 sp=0x000000f0ed5fd040 mode 0
Event: 0.202 Thread 0x0000021e75f517e0 DEOPT PACKING pc=0x0000021e0001848c sp=0x000000f0ed5fdbb0
Event: 0.202 Thread 0x0000021e75f517e0 DEOPT UNPACKING pc=0x0000021e07587143 sp=0x000000f0ed5fd040 mode 0
Event: 0.202 Thread 0x0000021e75f517e0 DEOPT PACKING pc=0x0000021e0001848c sp=0x000000f0ed5fdbb0
Event: 0.202 Thread 0x0000021e75f517e0 DEOPT UNPACKING pc=0x0000021e07587143 sp=0x000000f0ed5fd040 mode 0
Event: 0.203 Thread 0x0000021e75f517e0 DEOPT PACKING pc=0x0000021e0001848c sp=0x000000f0ed5fdbb0
Event: 0.203 Thread 0x0000021e75f517e0 DEOPT UNPACKING pc=0x0000021e07587143 sp=0x000000f0ed5fd040 mode 0
Event: 0.203 Thread 0x0000021e75f517e0 DEOPT PACKING pc=0x0000021e0001848c sp=0x000000f0ed5fdbb0
Event: 0.203 Thread 0x0000021e75f517e0 DEOPT UNPACKING pc=0x0000021e07587143 sp=0x000000f0ed5fd040 mode 0
Event: 0.203 Thread 0x0000021e75f517e0 DEOPT PACKING pc=0x0000021e0001848c sp=0x000000f0ed5fdbb0
Event: 0.203 Thread 0x0000021e75f517e0 DEOPT UNPACKING pc=0x0000021e07587143 sp=0x000000f0ed5fd040 mode 0
Event: 0.203 Thread 0x0000021e75f517e0 DEOPT PACKING pc=0x0000021e0001848c sp=0x000000f0ed5fdbb0
Event: 0.204 Thread 0x0000021e75f517e0 DEOPT UNPACKING pc=0x0000021e07587143 sp=0x000000f0ed5fd040 mode 0

Classes unloaded (0 events):
No events

Classes redefined (0 events):
No events

Internal exceptions (0 events):
No events

VM Operations (2 events):
Event: 0.216 Executing VM operation: HandshakeAllThreads
Event: 0.216 Executing VM operation: HandshakeAllThreads done

Events (20 events):
Event: 0.219 loading class sun/security/util/LazyCodeSourcePermissionCollection
Event: 0.219 loading class java/security/PermissionCollection
Event: 0.220 loading class java/security/PermissionCollection done
Event: 0.220 loading class sun/security/util/LazyCodeSourcePermissionCollection done
Event: 0.220 loading class java/security/Permissions
Event: 0.220 loading class java/security/Permissions done
Event: 0.220 loading class java/lang/RuntimePermission
Event: 0.220 loading class java/lang/RuntimePermission done
Event: 0.220 loading class java/security/BasicPermissionCollection
Event: 0.220 loading class java/security/BasicPermissionCollection done
Event: 0.220 loading class java/security/AllPermission
Event: 0.220 loading class java/security/AllPermission done
Event: 0.220 loading class java/security/UnresolvedPermission
Event: 0.220 loading class java/security/UnresolvedPermission done
Event: 0.220 loading class java/security/SecureClassLoader$DebugHolder
Event: 0.220 loading class java/security/SecureClassLoader$DebugHolder done
Event: 0.220 loading class sun/security/util/Debug
Event: 0.221 loading class sun/security/util/Debug done
Event: 0.226 loading class java/util/concurrent/ConcurrentHashMap$ForwardingNode
Event: 0.226 loading class java/util/concurrent/ConcurrentHashMap$ForwardingNode done


Dynamic libraries:
0x00007ff6faee0000 - 0x00007ff6faeea000 	C:\Program Files\Android\Android Studio\jbr\bin\java.exe
0x00007ffe9d130000 - 0x00007ffe9d328000 	C:\Windows\SYSTEM32\ntdll.dll
0x00007ffe9b610000 - 0x00007ffe9b6cd000 	C:\Windows\System32\KERNEL32.DLL
0x00007ffe9ac70000 - 0x00007ffe9af66000 	C:\Windows\System32\KERNELBASE.dll
0x00007ffe9ab70000 - 0x00007ffe9ac70000 	C:\Windows\System32\ucrtbase.dll
0x00007ffe6c570000 - 0x00007ffe6c587000 	C:\Program Files\Android\Android Studio\jbr\bin\jli.dll
0x00007ffe76c60000 - 0x00007ffe76c7b000 	C:\Program Files\Android\Android Studio\jbr\bin\VCRUNTIME140.dll
0x00007ffe9cb70000 - 0x00007ffe9cd0e000 	C:\Windows\System32\USER32.dll
0x00007ffe85fa0000 - 0x00007ffe8623a000 	C:\Windows\WinSxS\amd64_microsoft.windows.common-controls_6595b64144ccf1df_6.0.19041.3636_none_60b6a03d71f818d5\COMCTL32.dll
0x00007ffe9a960000 - 0x00007ffe9a982000 	C:\Windows\System32\win32u.dll
0x00007ffe9b480000 - 0x00007ffe9b51e000 	C:\Windows\System32\msvcrt.dll
0x00007ffe9b180000 - 0x00007ffe9b1ac000 	C:\Windows\System32\GDI32.dll
0x00007ffe9a990000 - 0x00007ffe9aaaa000 	C:\Windows\System32\gdi32full.dll
0x00007ffe9b090000 - 0x00007ffe9b12d000 	C:\Windows\System32\msvcp_win.dll
0x00007ffe9c200000 - 0x00007ffe9c230000 	C:\Windows\System32\IMM32.DLL
0x00007ffe801a0000 - 0x00007ffe801ac000 	C:\Program Files\Android\Android Studio\jbr\bin\vcruntime140_1.dll
0x00007ffe5b9c0000 - 0x00007ffe5ba4d000 	C:\Program Files\Android\Android Studio\jbr\bin\msvcp140.dll
0x00007ffe3bf00000 - 0x00007ffe3cb80000 	C:\Program Files\Android\Android Studio\jbr\bin\server\jvm.dll
0x00007ffe9ce40000 - 0x00007ffe9cef3000 	C:\Windows\System32\ADVAPI32.dll
0x00007ffe9b240000 - 0x00007ffe9b2df000 	C:\Windows\System32\sechost.dll
0x00007ffe9ca40000 - 0x00007ffe9cb66000 	C:\Windows\System32\RPCRT4.dll
0x00007ffe9ab40000 - 0x00007ffe9ab67000 	C:\Windows\System32\bcrypt.dll
0x00007ffe82e60000 - 0x00007ffe82e87000 	C:\Windows\SYSTEM32\WINMM.dll
0x00007ffe82d90000 - 0x00007ffe82d99000 	C:\Windows\SYSTEM32\WSOCK32.dll
0x00007ffe93630000 - 0x00007ffe9363a000 	C:\Windows\SYSTEM32\VERSION.dll
0x00007ffe9b410000 - 0x00007ffe9b47b000 	C:\Windows\System32\WS2_32.dll
0x00007ffe99050000 - 0x00007ffe99062000 	C:\Windows\SYSTEM32\kernel.appcore.dll
0x00007ffe7e440000 - 0x00007ffe7e44a000 	C:\Program Files\Android\Android Studio\jbr\bin\jimage.dll
0x00007ffe98d10000 - 0x00007ffe98ef4000 	C:\Windows\SYSTEM32\DBGHELP.DLL
0x00007ffe78b00000 - 0x00007ffe78b34000 	C:\Windows\SYSTEM32\dbgcore.DLL
0x00007ffe9aab0000 - 0x00007ffe9ab32000 	C:\Windows\System32\bcryptPrimitives.dll
0x00007ffe6fc90000 - 0x00007ffe6fcb5000 	C:\Program Files\Android\Android Studio\jbr\bin\java.dll
0x00007ffe6fc70000 - 0x00007ffe6fc88000 	C:\Program Files\Android\Android Studio\jbr\bin\zip.dll
0x00007ffe9bab0000 - 0x00007ffe9c1f5000 	C:\Windows\System32\SHELL32.dll
0x00007ffe984a0000 - 0x00007ffe98c3b000 	C:\Windows\SYSTEM32\windows.storage.dll
0x00007ffe9b6e0000 - 0x00007ffe9ba34000 	C:\Windows\System32\combase.dll
0x00007ffe9a150000 - 0x00007ffe9a17d000 	C:\Windows\SYSTEM32\Wldp.dll
0x00007ffe9cd90000 - 0x00007ffe9ce3d000 	C:\Windows\System32\SHCORE.dll
0x00007ffe9ba40000 - 0x00007ffe9ba95000 	C:\Windows\System32\shlwapi.dll
0x00007ffe9a730000 - 0x00007ffe9a755000 	C:\Windows\SYSTEM32\profapi.dll
0x00007ffe6f6f0000 - 0x00007ffe6f709000 	C:\Program Files\Android\Android Studio\jbr\bin\net.dll
0x00007ffe91760000 - 0x00007ffe9186a000 	C:\Windows\SYSTEM32\WINHTTP.dll
0x00007ffe6ca60000 - 0x00007ffe6ca76000 	C:\Program Files\Android\Android Studio\jbr\bin\nio.dll
0x00007ffe99f30000 - 0x00007ffe99f9a000 	C:\Windows\SYSTEM32\MSWSOCK.dll

dbghelp: loaded successfully - version: 4.0.5 - missing functions: none
symbol engine: initialized successfully - sym options: 0x614 - pdb path: .;C:\Program Files\Android\Android Studio\jbr\bin;C:\Windows\SYSTEM32;C:\Windows\WinSxS\amd64_microsoft.windows.common-controls_6595b64144ccf1df_6.0.19041.3636_none_60b6a03d71f818d5;C:\Program Files\Android\Android Studio\jbr\bin\server

VM Arguments:
java_command: org.jetbrains.kotlin.cli.jvm.K2JVMCompiler @D:\AndroidBasic\compository\app\build\20240117_1774691166862258423.compiler.options
java_class_path (initial): C:\Users\Pro Lay\.gradle\caches\modules-2\files-2.1\org.jetbrains.kotlin\kotlin-compiler-embeddable\1.9.0\2c8c3a7402becca891f12739b3e9fd2dc2adbd7a\kotlin-compiler-embeddable-1.9.0.jar;C:\Users\Pro Lay\.gradle\caches\modules-2\files-2.1\org.jetbrains.kotlin\kotlin-stdlib\1.9.0\8ee15ef0c67dc83d874f412d84378d7f0eb50b63\kotlin-stdlib-1.9.0.jar;C:\Users\Pro Lay\.gradle\caches\modules-2\files-2.1\org.jetbrains.kotlin\kotlin-script-runtime\1.9.0\4b3102cbbb7e1b58d9d1adf89563f00069ffa7d1\kotlin-script-runtime-1.9.0.jar;C:\Users\Pro Lay\.gradle\caches\modules-2\files-2.1\org.jetbrains.kotlin\kotlin-reflect\1.6.10\1cbe9c92c12a94eea200d23c2bbaedaf3daf5132\kotlin-reflect-1.6.10.jar;C:\Users\Pro Lay\.gradle\caches\modules-2\files-2.1\org.jetbrains.kotlin\kotlin-daemon-embeddable\1.9.0\186543f5e28cf8d9a0290fecc2cf34301c40a65c\kotlin-daemon-embeddable-1.9.0.jar;C:\Users\Pro Lay\.gradle\caches\modules-2\files-2.1\org.jetbrains.intellij.deps\trove4j\1.0.20200330\3afb14d5f9ceb459d724e907a21145e8ff394f02\trove4j-1.0.20200330.jar;C:\Users\Pro Lay\.gradle\caches\modules-2\files-2.1\org.jetbrains.kotlin\kotlin-stdlib-common\1.9.0\cd65c21cfd1eec4d44ef09f9f52b6d9f8a720636\kotlin-stdlib-common-1.9.0.jar;C:\Users\Pro Lay\.gradle\caches\modules-2\files-2.1\org.jetbrains\annotations\13.0\919f0dfe192fb4e063e7dacadee7f8bb9a2672a9\annotations-13.0.jar
Launcher Type: SUN_STANDARD

[Global flags]
     intx CICompilerCount                          = 4                                         {product} {ergonomic}
     uint ConcGCThreads                            = 2                                         {product} {ergonomic}
     uint G1ConcRefinementThreads                  = 8                                         {product} {ergonomic}
   size_t G1HeapRegionSize                         = 2097152                                   {product} {ergonomic}
    uintx GCDrainStackTargetSize                   = 64                                        {product} {ergonomic}
   size_t InitialHeapSize                          = 268435456                                 {product} {ergonomic}
   size_t MarkStackSize                            = 4194304                                   {product} {ergonomic}
   size_t MaxHeapSize                              = 4269801472                                {product} {ergonomic}
   size_t MaxNewSize                               = 2560622592                                {product} {ergonomic}
   size_t MinHeapDeltaBytes                        = 2097152                                   {product} {ergonomic}
   size_t MinHeapSize                              = 8388608                                   {product} {ergonomic}
    uintx NonNMethodCodeHeapSize                   = 5839372                                {pd product} {ergonomic}
    uintx NonProfiledCodeHeapSize                  = 122909434                              {pd product} {ergonomic}
    uintx ProfiledCodeHeapSize                     = 122909434                              {pd product} {ergonomic}
    uintx ReservedCodeCacheSize                    = 251658240                              {pd product} {ergonomic}
     bool SegmentedCodeCache                       = true                                      {product} {ergonomic}
   size_t SoftMaxHeapSize                          = 4269801472                             {manageable} {ergonomic}
     bool UseCompressedClassPointers               = true                           {product lp64_product} {ergonomic}
     bool UseCompressedOops                        = true                           {product lp64_product} {ergonomic}
     bool UseG1GC                                  = true                                      {product} {ergonomic}
     bool UseLargePagesIndividualAllocation        = false                                  {pd product} {ergonomic}

Logging:
Log output configuration:
 #0: stdout all=warning uptime,level,tags
 #1: stderr all=off uptime,level,tags

Environment Variables:
PATH=C:\Windows\system32;C:\Windows;C:\Windows\System32\Wbem;C:\Windows\System32\WindowsPowerShell\v1.0\;C:\Windows\System32\OpenSSH\;C:\Program Files\Git\cmd;C:\Users\Pro Lay\AppData\Local\Microsoft\WindowsApps;C:\SDK\flutter\bin;;C:\Users\Pro Lay\AppData\Local\Programs\Microsoft VS Code\bin
USERNAME=Pro Lay
OS=Windows_NT
PROCESSOR_IDENTIFIER=Intel64 Family 6 Model 142 Stepping 10, GenuineIntel
TMP=C:\Users\PROLAY~1\AppData\Local\Temp
TEMP=C:\Users\PROLAY~1\AppData\Local\Temp


JNI global refs:
JNI global refs: 8, weak refs: 0

JNI global refs memory usage: 843, weak refs: 209

OOME stack traces (most recent first):
Classloader memory used:
Loader bootstrap                                                                       : 600K
Loader jdk.internal.loader.ClassLoaders$AppClassLoader                                 : 25922B


---------------  S Y S T E M  ---------------

OS:
 Windows 10 , 64 bit Build 19041 (10.0.19041.3636)
OS uptime: 0 days 17:56 hours
Hyper-V role detected

CPU: total 8 (initial active 8) (4 cores per cpu, 2 threads per core) family 6 model 142 stepping 10 microcode 0xf0, cx8, cmov, fxsr, ht, mmx, 3dnowpref, sse, sse2, sse3, ssse3, sse4.1, sse4.2, popcnt, lzcnt, tsc, tscinvbit, avx, avx2, aes, erms, clmul, bmi1, bmi2, adx, fma, vzeroupper, clflush, clflushopt, hv

Memory: 4k page, system-wide physical 16281M (3641M free)
TotalPageFile size 46791M (AvailPageFile size 1M)
current process WorkingSet (physical memory assigned to process): 36M, peak: 36M
current process commit charge ("private bytes"): 338M, peak: 339M

vm_info: OpenJDK 64-Bit Server VM (17.0.7+0-b2043.56-10550314) for windows-amd64 JRE (17.0.7+0-b2043.56-10550314), built on Jul 24 2023 18:27:45 by "androidbuild" with MS VC++ 16.10 / 16.11 (VS2019)

END.
